mode: atomic
github.com/yassinebenaid/bunny/parser/arithmetics.go:50.63,53.32 2 103
github.com/yassinebenaid/bunny/parser/arithmetics.go:53.32,55.3 1 71
github.com/yassinebenaid/bunny/parser/arithmetics.go:57.2,59.77 2 103
github.com/yassinebenaid/bunny/parser/arithmetics.go:59.77,61.3 1 3
github.com/yassinebenaid/bunny/parser/arithmetics.go:62.2,64.13 2 103
github.com/yassinebenaid/bunny/parser/arithmetics.go:67.52,70.6 2 157
github.com/yassinebenaid/bunny/parser/arithmetics.go:70.6,73.33 2 212
github.com/yassinebenaid/bunny/parser/arithmetics.go:73.33,74.9 1 157
github.com/yassinebenaid/bunny/parser/arithmetics.go:76.3,76.14 1 55
github.com/yassinebenaid/bunny/parser/arithmetics.go:79.2,79.13 1 157
github.com/yassinebenaid/bunny/parser/arithmetics.go:82.75,83.32 1 495
github.com/yassinebenaid/bunny/parser/arithmetics.go:83.32,85.3 1 253
github.com/yassinebenaid/bunny/parser/arithmetics.go:87.2,89.32 2 495
github.com/yassinebenaid/bunny/parser/arithmetics.go:89.32,91.3 1 66
github.com/yassinebenaid/bunny/parser/arithmetics.go:93.2,93.43 1 495
github.com/yassinebenaid/bunny/parser/arithmetics.go:93.43,95.3 1 148
github.com/yassinebenaid/bunny/parser/arithmetics.go:97.2,99.12 2 495
github.com/yassinebenaid/bunny/parser/arithmetics.go:102.47,103.21 1 495
github.com/yassinebenaid/bunny/parser/arithmetics.go:104.17,107.13 3 74
github.com/yassinebenaid/bunny/parser/arithmetics.go:108.42,112.33 3 334
github.com/yassinebenaid/bunny/parser/arithmetics.go:112.33,114.4 1 220
github.com/yassinebenaid/bunny/parser/arithmetics.go:115.3,115.22 1 334
github.com/yassinebenaid/bunny/parser/arithmetics.go:116.41,118.15 2 10
github.com/yassinebenaid/bunny/parser/arithmetics.go:120.3,120.13 1 334
github.com/yassinebenaid/bunny/parser/arithmetics.go:121.33,124.13 3 1
github.com/yassinebenaid/bunny/parser/arithmetics.go:125.26,128.13 3 1
github.com/yassinebenaid/bunny/parser/arithmetics.go:129.40,136.13 4 15
github.com/yassinebenaid/bunny/parser/arithmetics.go:137.31,144.13 4 18
github.com/yassinebenaid/bunny/parser/arithmetics.go:145.25,148.13 3 7
github.com/yassinebenaid/bunny/parser/arithmetics.go:149.19,152.13 3 7
github.com/yassinebenaid/bunny/parser/arithmetics.go:153.24,157.39 3 11
github.com/yassinebenaid/bunny/parser/arithmetics.go:157.39,159.4 1 2
github.com/yassinebenaid/bunny/parser/arithmetics.go:160.3,161.13 2 11
github.com/yassinebenaid/bunny/parser/arithmetics.go:162.17,163.63 1 2
github.com/yassinebenaid/bunny/parser/arithmetics.go:164.10,165.70 1 25
github.com/yassinebenaid/bunny/parser/arithmetics.go:168.2,168.12 1 27
github.com/yassinebenaid/bunny/parser/arithmetics.go:171.65,182.2 5 148
github.com/yassinebenaid/bunny/parser/arithmetics.go:184.67,185.21 1 495
github.com/yassinebenaid/bunny/parser/arithmetics.go:186.22,191.33 4 21
github.com/yassinebenaid/bunny/parser/arithmetics.go:191.33,193.4 1 2
github.com/yassinebenaid/bunny/parser/arithmetics.go:195.3,197.13 3 21
github.com/yassinebenaid/bunny/parser/arithmetics.go:200.45,207.13 4 35
github.com/yassinebenaid/bunny/parser/arithmetics.go:208.10,209.14 1 439
github.com/yassinebenaid/bunny/parser/compounds.go:8.59,9.21 1 1224
github.com/yassinebenaid/bunny/parser/compounds.go:10.32,11.26 1 66
github.com/yassinebenaid/bunny/parser/compounds.go:12.17,13.24 1 46
github.com/yassinebenaid/bunny/parser/compounds.go:14.16,15.19 1 47
github.com/yassinebenaid/bunny/parser/compounds.go:16.18,17.21 1 35
github.com/yassinebenaid/bunny/parser/compounds.go:18.24,19.22 1 36
github.com/yassinebenaid/bunny/parser/compounds.go:20.24,21.25 1 20
github.com/yassinebenaid/bunny/parser/compounds.go:22.31,23.34 1 20
github.com/yassinebenaid/bunny/parser/compounds.go:24.22,25.25 1 13
github.com/yassinebenaid/bunny/parser/compounds.go:26.86,28.14 2 11
github.com/yassinebenaid/bunny/parser/compounds.go:29.10,30.13 1 941
github.com/yassinebenaid/bunny/parser/compounds.go:34.49,39.65 5 66
github.com/yassinebenaid/bunny/parser/compounds.go:39.65,41.3 1 68
github.com/yassinebenaid/bunny/parser/compounds.go:43.2,43.87 1 66
github.com/yassinebenaid/bunny/parser/compounds.go:43.87,45.21 2 70
github.com/yassinebenaid/bunny/parser/compounds.go:45.21,47.4 1 8
github.com/yassinebenaid/bunny/parser/compounds.go:48.3,49.71 2 62
github.com/yassinebenaid/bunny/parser/compounds.go:49.71,51.4 1 52
github.com/yassinebenaid/bunny/parser/compounds.go:52.3,52.66 1 62
github.com/yassinebenaid/bunny/parser/compounds.go:52.66,54.4 1 62
github.com/yassinebenaid/bunny/parser/compounds.go:57.2,57.22 1 58
github.com/yassinebenaid/bunny/parser/compounds.go:57.22,59.3 1 6
github.com/yassinebenaid/bunny/parser/compounds.go:59.8,59.36 1 52
github.com/yassinebenaid/bunny/parser/compounds.go:59.36,61.3 1 2
github.com/yassinebenaid/bunny/parser/compounds.go:63.2,64.65 2 58
github.com/yassinebenaid/bunny/parser/compounds.go:64.65,66.3 1 58
github.com/yassinebenaid/bunny/parser/compounds.go:68.2,68.60 1 58
github.com/yassinebenaid/bunny/parser/compounds.go:68.60,70.21 2 58
github.com/yassinebenaid/bunny/parser/compounds.go:70.21,72.4 1 4
github.com/yassinebenaid/bunny/parser/compounds.go:73.3,74.71 2 54
github.com/yassinebenaid/bunny/parser/compounds.go:74.71,76.4 1 42
github.com/yassinebenaid/bunny/parser/compounds.go:77.3,77.66 1 54
github.com/yassinebenaid/bunny/parser/compounds.go:77.66,79.4 1 64
github.com/yassinebenaid/bunny/parser/compounds.go:82.2,82.22 1 54
github.com/yassinebenaid/bunny/parser/compounds.go:82.22,84.3 1 10
github.com/yassinebenaid/bunny/parser/compounds.go:84.8,84.38 1 44
github.com/yassinebenaid/bunny/parser/compounds.go:84.38,86.3 1 2
github.com/yassinebenaid/bunny/parser/compounds.go:88.2,91.6 2 54
github.com/yassinebenaid/bunny/parser/compounds.go:91.6,92.10 1 130
github.com/yassinebenaid/bunny/parser/compounds.go:93.35,94.15 1 48
github.com/yassinebenaid/bunny/parser/compounds.go:95.31,96.43 1 28
github.com/yassinebenaid/bunny/parser/compounds.go:97.11,98.14 1 54
github.com/yassinebenaid/bunny/parser/compounds.go:102.2,102.53 1 54
github.com/yassinebenaid/bunny/parser/compounds.go:102.53,104.3 1 4
github.com/yassinebenaid/bunny/parser/compounds.go:106.2,106.13 1 54
github.com/yassinebenaid/bunny/parser/compounds.go:109.47,117.33 7 46
github.com/yassinebenaid/bunny/parser/compounds.go:117.33,119.3 1 44
github.com/yassinebenaid/bunny/parser/compounds.go:120.2,120.44 1 46
github.com/yassinebenaid/bunny/parser/compounds.go:120.44,122.33 2 11
github.com/yassinebenaid/bunny/parser/compounds.go:122.33,124.4 1 5
github.com/yassinebenaid/bunny/parser/compounds.go:125.3,125.37 1 11
github.com/yassinebenaid/bunny/parser/compounds.go:125.37,127.4 1 8
github.com/yassinebenaid/bunny/parser/compounds.go:128.3,128.37 1 11
github.com/yassinebenaid/bunny/parser/compounds.go:128.37,130.4 1 2
github.com/yassinebenaid/bunny/parser/compounds.go:131.3,132.33 2 11
github.com/yassinebenaid/bunny/parser/compounds.go:132.33,134.4 1 5
github.com/yassinebenaid/bunny/parser/compounds.go:135.3,135.37 1 11
github.com/yassinebenaid/bunny/parser/compounds.go:135.37,137.4 1 8
github.com/yassinebenaid/bunny/parser/compounds.go:138.3,138.37 1 11
github.com/yassinebenaid/bunny/parser/compounds.go:138.37,140.4 1 3
github.com/yassinebenaid/bunny/parser/compounds.go:141.3,142.33 2 11
github.com/yassinebenaid/bunny/parser/compounds.go:142.33,144.4 1 8
github.com/yassinebenaid/bunny/parser/compounds.go:145.3,145.39 1 11
github.com/yassinebenaid/bunny/parser/compounds.go:145.39,147.4 1 7
github.com/yassinebenaid/bunny/parser/compounds.go:149.3,149.78 1 11
github.com/yassinebenaid/bunny/parser/compounds.go:149.78,151.4 1 4
github.com/yassinebenaid/bunny/parser/compounds.go:152.3,153.14 2 11
github.com/yassinebenaid/bunny/parser/compounds.go:154.8,156.32 1 35
github.com/yassinebenaid/bunny/parser/compounds.go:156.32,158.4 1 6
github.com/yassinebenaid/bunny/parser/compounds.go:159.3,161.33 3 35
github.com/yassinebenaid/bunny/parser/compounds.go:161.33,163.4 1 28
github.com/yassinebenaid/bunny/parser/compounds.go:165.3,165.30 1 35
github.com/yassinebenaid/bunny/parser/compounds.go:165.30,167.34 2 7
github.com/yassinebenaid/bunny/parser/compounds.go:167.34,169.5 1 6
github.com/yassinebenaid/bunny/parser/compounds.go:170.4,170.99 1 7
github.com/yassinebenaid/bunny/parser/compounds.go:170.99,172.22 2 15
github.com/yassinebenaid/bunny/parser/compounds.go:172.22,174.11 2 2
github.com/yassinebenaid/bunny/parser/compounds.go:176.5,177.35 2 13
github.com/yassinebenaid/bunny/parser/compounds.go:177.35,179.6 1 10
github.com/yassinebenaid/bunny/parser/compounds.go:181.4,181.27 1 7
github.com/yassinebenaid/bunny/parser/compounds.go:181.27,183.5 1 2
github.com/yassinebenaid/bunny/parser/compounds.go:187.2,187.36 1 46
github.com/yassinebenaid/bunny/parser/compounds.go:187.36,189.3 1 5
github.com/yassinebenaid/bunny/parser/compounds.go:190.2,190.65 1 46
github.com/yassinebenaid/bunny/parser/compounds.go:190.65,192.3 1 17
github.com/yassinebenaid/bunny/parser/compounds.go:194.2,194.29 1 46
github.com/yassinebenaid/bunny/parser/compounds.go:194.29,196.3 1 15
github.com/yassinebenaid/bunny/parser/compounds.go:197.2,198.65 2 46
github.com/yassinebenaid/bunny/parser/compounds.go:198.65,200.3 1 36
github.com/yassinebenaid/bunny/parser/compounds.go:202.2,202.60 1 46
github.com/yassinebenaid/bunny/parser/compounds.go:202.60,204.21 2 44
github.com/yassinebenaid/bunny/parser/compounds.go:204.21,206.4 1 7
github.com/yassinebenaid/bunny/parser/compounds.go:207.3,208.71 2 37
github.com/yassinebenaid/bunny/parser/compounds.go:208.71,210.4 1 31
github.com/yassinebenaid/bunny/parser/compounds.go:211.3,211.66 1 37
github.com/yassinebenaid/bunny/parser/compounds.go:211.66,213.4 1 28
github.com/yassinebenaid/bunny/parser/compounds.go:216.2,216.21 1 39
github.com/yassinebenaid/bunny/parser/compounds.go:216.21,218.3 1 6
github.com/yassinebenaid/bunny/parser/compounds.go:218.8,218.38 1 33
github.com/yassinebenaid/bunny/parser/compounds.go:218.38,220.3 1 4
github.com/yassinebenaid/bunny/parser/compounds.go:222.2,225.6 2 39
github.com/yassinebenaid/bunny/parser/compounds.go:225.6,226.10 1 73
github.com/yassinebenaid/bunny/parser/compounds.go:227.35,228.15 1 20
github.com/yassinebenaid/bunny/parser/compounds.go:229.31,230.42 1 14
github.com/yassinebenaid/bunny/parser/compounds.go:231.11,232.14 1 39
github.com/yassinebenaid/bunny/parser/compounds.go:236.2,236.53 1 39
github.com/yassinebenaid/bunny/parser/compounds.go:236.53,238.3 1 2
github.com/yassinebenaid/bunny/parser/compounds.go:240.2,240.19 1 39
github.com/yassinebenaid/bunny/parser/compounds.go:240.19,246.3 1 9
github.com/yassinebenaid/bunny/parser/compounds.go:248.2,253.3 1 30
github.com/yassinebenaid/bunny/parser/compounds.go:256.42,259.65 3 47
github.com/yassinebenaid/bunny/parser/compounds.go:259.65,261.3 1 49
github.com/yassinebenaid/bunny/parser/compounds.go:263.2,263.87 1 47
github.com/yassinebenaid/bunny/parser/compounds.go:263.87,265.21 2 44
github.com/yassinebenaid/bunny/parser/compounds.go:265.21,267.4 1 4
github.com/yassinebenaid/bunny/parser/compounds.go:268.3,269.71 2 40
github.com/yassinebenaid/bunny/parser/compounds.go:269.71,271.4 1 38
github.com/yassinebenaid/bunny/parser/compounds.go:272.3,272.66 1 40
github.com/yassinebenaid/bunny/parser/compounds.go:272.66,274.4 1 37
github.com/yassinebenaid/bunny/parser/compounds.go:277.2,277.22 1 43
github.com/yassinebenaid/bunny/parser/compounds.go:277.22,279.3 1 3
github.com/yassinebenaid/bunny/parser/compounds.go:279.8,279.38 1 40
github.com/yassinebenaid/bunny/parser/compounds.go:279.38,281.3 1 1
github.com/yassinebenaid/bunny/parser/compounds.go:283.2,284.65 2 43
github.com/yassinebenaid/bunny/parser/compounds.go:284.65,286.3 1 45
github.com/yassinebenaid/bunny/parser/compounds.go:288.2,288.116 1 43
github.com/yassinebenaid/bunny/parser/compounds.go:288.116,290.21 2 38
github.com/yassinebenaid/bunny/parser/compounds.go:290.21,292.4 1 2
github.com/yassinebenaid/bunny/parser/compounds.go:293.3,294.71 2 36
github.com/yassinebenaid/bunny/parser/compounds.go:294.71,296.4 1 33
github.com/yassinebenaid/bunny/parser/compounds.go:297.3,297.66 1 36
github.com/yassinebenaid/bunny/parser/compounds.go:297.66,299.4 1 36
github.com/yassinebenaid/bunny/parser/compounds.go:302.2,302.22 1 41
github.com/yassinebenaid/bunny/parser/compounds.go:302.22,304.3 1 5
github.com/yassinebenaid/bunny/parser/compounds.go:306.2,306.32 1 41
github.com/yassinebenaid/bunny/parser/compounds.go:306.32,308.66 2 11
github.com/yassinebenaid/bunny/parser/compounds.go:308.66,310.4 1 11
github.com/yassinebenaid/bunny/parser/compounds.go:312.3,314.88 2 11
github.com/yassinebenaid/bunny/parser/compounds.go:314.88,316.22 2 10
github.com/yassinebenaid/bunny/parser/compounds.go:316.22,318.5 1 2
github.com/yassinebenaid/bunny/parser/compounds.go:319.4,320.72 2 8
github.com/yassinebenaid/bunny/parser/compounds.go:320.72,322.5 1 8
github.com/yassinebenaid/bunny/parser/compounds.go:323.4,323.67 1 8
github.com/yassinebenaid/bunny/parser/compounds.go:323.67,325.5 1 6
github.com/yassinebenaid/bunny/parser/compounds.go:328.3,328.23 1 9
github.com/yassinebenaid/bunny/parser/compounds.go:328.23,330.4 1 1
github.com/yassinebenaid/bunny/parser/compounds.go:330.9,330.39 1 8
github.com/yassinebenaid/bunny/parser/compounds.go:330.39,332.4 1 1
github.com/yassinebenaid/bunny/parser/compounds.go:334.3,335.66 2 9
github.com/yassinebenaid/bunny/parser/compounds.go:335.66,337.4 1 10
github.com/yassinebenaid/bunny/parser/compounds.go:339.3,339.117 1 9
github.com/yassinebenaid/bunny/parser/compounds.go:339.117,341.22 2 6
github.com/yassinebenaid/bunny/parser/compounds.go:341.22,343.5 1 2
github.com/yassinebenaid/bunny/parser/compounds.go:344.4,345.72 2 4
github.com/yassinebenaid/bunny/parser/compounds.go:345.72,347.5 1 4
github.com/yassinebenaid/bunny/parser/compounds.go:348.4,348.67 1 4
github.com/yassinebenaid/bunny/parser/compounds.go:348.67,350.5 1 7
github.com/yassinebenaid/bunny/parser/compounds.go:353.3,353.23 1 7
github.com/yassinebenaid/bunny/parser/compounds.go:353.23,355.4 1 3
github.com/yassinebenaid/bunny/parser/compounds.go:357.3,357.40 1 7
github.com/yassinebenaid/bunny/parser/compounds.go:360.2,360.31 1 37
github.com/yassinebenaid/bunny/parser/compounds.go:360.31,362.66 2 7
github.com/yassinebenaid/bunny/parser/compounds.go:362.66,364.4 1 8
github.com/yassinebenaid/bunny/parser/compounds.go:365.3,365.59 1 7
github.com/yassinebenaid/bunny/parser/compounds.go:365.59,367.22 2 6
github.com/yassinebenaid/bunny/parser/compounds.go:367.22,369.5 1 3
github.com/yassinebenaid/bunny/parser/compounds.go:370.4,371.72 2 3
github.com/yassinebenaid/bunny/parser/compounds.go:371.72,373.5 1 2
github.com/yassinebenaid/bunny/parser/compounds.go:374.4,374.67 1 3
github.com/yassinebenaid/bunny/parser/compounds.go:374.67,376.5 1 5
github.com/yassinebenaid/bunny/parser/compounds.go:378.3,378.28 1 4
github.com/yassinebenaid/bunny/parser/compounds.go:378.28,380.4 1 1
github.com/yassinebenaid/bunny/parser/compounds.go:383.2,383.29 1 34
github.com/yassinebenaid/bunny/parser/compounds.go:383.29,385.3 1 7
github.com/yassinebenaid/bunny/parser/compounds.go:387.2,390.6 2 34
github.com/yassinebenaid/bunny/parser/compounds.go:390.6,391.10 1 72
github.com/yassinebenaid/bunny/parser/compounds.go:392.35,393.15 1 24
github.com/yassinebenaid/bunny/parser/compounds.go:394.31,395.43 1 14
github.com/yassinebenaid/bunny/parser/compounds.go:396.11,397.14 1 34
github.com/yassinebenaid/bunny/parser/compounds.go:401.2,401.53 1 34
github.com/yassinebenaid/bunny/parser/compounds.go:401.53,403.3 1 2
github.com/yassinebenaid/bunny/parser/compounds.go:405.2,405.13 1 34
github.com/yassinebenaid/bunny/parser/compounds.go:408.44,411.32 3 35
github.com/yassinebenaid/bunny/parser/compounds.go:411.32,413.3 1 33
github.com/yassinebenaid/bunny/parser/compounds.go:415.2,416.22 2 35
github.com/yassinebenaid/bunny/parser/compounds.go:416.22,418.3 1 2
github.com/yassinebenaid/bunny/parser/compounds.go:420.2,420.65 1 35
github.com/yassinebenaid/bunny/parser/compounds.go:420.65,422.3 1 34
github.com/yassinebenaid/bunny/parser/compounds.go:424.2,424.29 1 35
github.com/yassinebenaid/bunny/parser/compounds.go:424.29,426.3 1 4
github.com/yassinebenaid/bunny/parser/compounds.go:427.2,428.65 2 35
github.com/yassinebenaid/bunny/parser/compounds.go:428.65,430.3 1 39
github.com/yassinebenaid/bunny/parser/compounds.go:432.2,432.60 1 35
github.com/yassinebenaid/bunny/parser/compounds.go:432.60,434.38 2 37
github.com/yassinebenaid/bunny/parser/compounds.go:434.38,436.4 1 4
github.com/yassinebenaid/bunny/parser/compounds.go:438.3,438.7 1 37
github.com/yassinebenaid/bunny/parser/compounds.go:438.7,440.22 2 43
github.com/yassinebenaid/bunny/parser/compounds.go:440.22,442.5 1 3
github.com/yassinebenaid/bunny/parser/compounds.go:443.4,445.34 2 43
github.com/yassinebenaid/bunny/parser/compounds.go:445.34,447.5 1 11
github.com/yassinebenaid/bunny/parser/compounds.go:448.4,448.33 1 43
github.com/yassinebenaid/bunny/parser/compounds.go:448.33,449.10 1 37
github.com/yassinebenaid/bunny/parser/compounds.go:451.4,452.34 2 6
github.com/yassinebenaid/bunny/parser/compounds.go:452.34,454.5 1 4
github.com/yassinebenaid/bunny/parser/compounds.go:457.3,457.39 1 37
github.com/yassinebenaid/bunny/parser/compounds.go:457.39,459.4 1 3
github.com/yassinebenaid/bunny/parser/compounds.go:460.3,461.66 2 37
github.com/yassinebenaid/bunny/parser/compounds.go:461.66,463.4 1 44
github.com/yassinebenaid/bunny/parser/compounds.go:465.3,465.7 1 37
github.com/yassinebenaid/bunny/parser/compounds.go:465.7,466.61 1 52
github.com/yassinebenaid/bunny/parser/compounds.go:466.61,467.10 1 8
github.com/yassinebenaid/bunny/parser/compounds.go:469.4,470.22 2 44
github.com/yassinebenaid/bunny/parser/compounds.go:470.22,472.5 1 1
github.com/yassinebenaid/bunny/parser/compounds.go:473.4,478.36 2 43
github.com/yassinebenaid/bunny/parser/compounds.go:478.36,480.5 1 4
github.com/yassinebenaid/bunny/parser/compounds.go:481.4,481.67 1 43
github.com/yassinebenaid/bunny/parser/compounds.go:481.67,483.5 1 30
github.com/yassinebenaid/bunny/parser/compounds.go:485.4,485.72 1 43
github.com/yassinebenaid/bunny/parser/compounds.go:485.72,490.68 4 2
github.com/yassinebenaid/bunny/parser/compounds.go:490.68,492.6 1 4
github.com/yassinebenaid/bunny/parser/compounds.go:494.5,494.10 1 2
github.com/yassinebenaid/bunny/parser/compounds.go:497.4,497.72 1 41
github.com/yassinebenaid/bunny/parser/compounds.go:497.72,502.39 4 26
github.com/yassinebenaid/bunny/parser/compounds.go:502.39,505.6 2 2
github.com/yassinebenaid/bunny/parser/compounds.go:506.5,506.68 1 26
github.com/yassinebenaid/bunny/parser/compounds.go:506.68,508.6 1 32
github.com/yassinebenaid/bunny/parser/compounds.go:510.5,510.10 1 26
github.com/yassinebenaid/bunny/parser/compounds.go:513.3,513.40 1 36
github.com/yassinebenaid/bunny/parser/compounds.go:516.2,516.31 1 34
github.com/yassinebenaid/bunny/parser/compounds.go:516.31,518.3 1 6
github.com/yassinebenaid/bunny/parser/compounds.go:519.2,522.6 2 34
github.com/yassinebenaid/bunny/parser/compounds.go:522.6,523.10 1 70
github.com/yassinebenaid/bunny/parser/compounds.go:524.35,525.15 1 22
github.com/yassinebenaid/bunny/parser/compounds.go:526.31,527.43 1 14
github.com/yassinebenaid/bunny/parser/compounds.go:528.11,529.14 1 34
github.com/yassinebenaid/bunny/parser/compounds.go:533.2,533.53 1 34
github.com/yassinebenaid/bunny/parser/compounds.go:533.53,535.3 1 2
github.com/yassinebenaid/bunny/parser/compounds.go:537.2,537.13 1 34
github.com/yassinebenaid/bunny/parser/compounds.go:540.45,543.65 3 36
github.com/yassinebenaid/bunny/parser/compounds.go:543.65,545.3 1 20
github.com/yassinebenaid/bunny/parser/compounds.go:547.2,547.67 1 36
github.com/yassinebenaid/bunny/parser/compounds.go:547.67,549.21 2 42
github.com/yassinebenaid/bunny/parser/compounds.go:549.21,551.4 1 2
github.com/yassinebenaid/bunny/parser/compounds.go:552.3,553.71 2 40
github.com/yassinebenaid/bunny/parser/compounds.go:553.71,555.4 1 33
github.com/yassinebenaid/bunny/parser/compounds.go:556.3,556.66 1 40
github.com/yassinebenaid/bunny/parser/compounds.go:556.66,558.4 1 27
github.com/yassinebenaid/bunny/parser/compounds.go:561.2,561.26 1 34
github.com/yassinebenaid/bunny/parser/compounds.go:561.26,563.3 1 2
github.com/yassinebenaid/bunny/parser/compounds.go:565.2,565.38 1 34
github.com/yassinebenaid/bunny/parser/compounds.go:565.38,567.3 1 3
github.com/yassinebenaid/bunny/parser/compounds.go:569.2,572.6 2 34
github.com/yassinebenaid/bunny/parser/compounds.go:572.6,573.10 1 72
github.com/yassinebenaid/bunny/parser/compounds.go:574.35,575.15 1 22
github.com/yassinebenaid/bunny/parser/compounds.go:576.31,577.44 1 16
github.com/yassinebenaid/bunny/parser/compounds.go:578.11,579.14 1 34
github.com/yassinebenaid/bunny/parser/compounds.go:583.2,583.53 1 34
github.com/yassinebenaid/bunny/parser/compounds.go:583.53,585.3 1 2
github.com/yassinebenaid/bunny/parser/compounds.go:587.2,587.14 1 34
github.com/yassinebenaid/bunny/parser/compounds.go:590.48,593.65 3 20
github.com/yassinebenaid/bunny/parser/compounds.go:593.65,595.3 1 6
github.com/yassinebenaid/bunny/parser/compounds.go:597.2,597.67 1 20
github.com/yassinebenaid/bunny/parser/compounds.go:597.67,599.21 2 27
github.com/yassinebenaid/bunny/parser/compounds.go:599.21,601.4 1 2
github.com/yassinebenaid/bunny/parser/compounds.go:602.3,603.71 2 25
github.com/yassinebenaid/bunny/parser/compounds.go:603.71,605.4 1 10
github.com/yassinebenaid/bunny/parser/compounds.go:606.3,606.66 1 25
github.com/yassinebenaid/bunny/parser/compounds.go:606.66,608.4 1 11
github.com/yassinebenaid/bunny/parser/compounds.go:611.2,611.26 1 18
github.com/yassinebenaid/bunny/parser/compounds.go:611.26,613.3 1 2
github.com/yassinebenaid/bunny/parser/compounds.go:615.2,615.38 1 18
github.com/yassinebenaid/bunny/parser/compounds.go:615.38,617.3 1 2
github.com/yassinebenaid/bunny/parser/compounds.go:619.2,622.6 2 18
github.com/yassinebenaid/bunny/parser/compounds.go:622.6,623.10 1 51
github.com/yassinebenaid/bunny/parser/compounds.go:624.35,625.15 1 19
github.com/yassinebenaid/bunny/parser/compounds.go:626.31,627.44 1 14
github.com/yassinebenaid/bunny/parser/compounds.go:628.11,629.14 1 18
github.com/yassinebenaid/bunny/parser/compounds.go:633.2,633.53 1 18
github.com/yassinebenaid/bunny/parser/compounds.go:633.53,635.3 1 2
github.com/yassinebenaid/bunny/parser/compounds.go:637.2,637.14 1 18
github.com/yassinebenaid/bunny/parser/compounds.go:640.57,642.33 2 20
github.com/yassinebenaid/bunny/parser/compounds.go:642.33,644.3 1 12
github.com/yassinebenaid/bunny/parser/compounds.go:646.2,649.77 3 20
github.com/yassinebenaid/bunny/parser/compounds.go:649.77,651.3 1 3
github.com/yassinebenaid/bunny/parser/compounds.go:652.2,656.6 3 20
github.com/yassinebenaid/bunny/parser/compounds.go:656.6,657.10 1 52
github.com/yassinebenaid/bunny/parser/compounds.go:658.35,659.15 1 18
github.com/yassinebenaid/bunny/parser/compounds.go:660.31,661.43 1 14
github.com/yassinebenaid/bunny/parser/compounds.go:662.11,663.14 1 20
github.com/yassinebenaid/bunny/parser/compounds.go:667.2,667.53 1 20
github.com/yassinebenaid/bunny/parser/compounds.go:667.53,669.3 1 2
github.com/yassinebenaid/bunny/parser/compounds.go:671.2,671.13 1 20
github.com/yassinebenaid/bunny/parser/compounds.go:674.48,676.32 2 13
github.com/yassinebenaid/bunny/parser/compounds.go:676.32,678.3 1 12
github.com/yassinebenaid/bunny/parser/compounds.go:680.2,681.21 2 13
github.com/yassinebenaid/bunny/parser/compounds.go:681.21,683.3 1 1
github.com/yassinebenaid/bunny/parser/compounds.go:685.2,686.9 2 13
github.com/yassinebenaid/bunny/parser/compounds.go:686.9,688.3 1 2
github.com/yassinebenaid/bunny/parser/compounds.go:689.2,689.32 1 13
github.com/yassinebenaid/bunny/parser/compounds.go:689.32,691.3 1 11
github.com/yassinebenaid/bunny/parser/compounds.go:693.2,693.37 1 13
github.com/yassinebenaid/bunny/parser/compounds.go:693.37,695.33 2 10
github.com/yassinebenaid/bunny/parser/compounds.go:695.33,697.4 1 1
github.com/yassinebenaid/bunny/parser/compounds.go:698.3,698.39 1 10
github.com/yassinebenaid/bunny/parser/compounds.go:698.39,700.4 1 1
github.com/yassinebenaid/bunny/parser/compounds.go:701.3,701.14 1 10
github.com/yassinebenaid/bunny/parser/compounds.go:704.2,704.65 1 13
github.com/yassinebenaid/bunny/parser/compounds.go:704.65,706.3 1 8
github.com/yassinebenaid/bunny/parser/compounds.go:708.2,709.21 2 13
github.com/yassinebenaid/bunny/parser/compounds.go:709.21,712.3 2 5
github.com/yassinebenaid/bunny/parser/compounds.go:714.2,714.62 1 8
github.com/yassinebenaid/bunny/parser/compounds.go:717.76,719.9 2 0
github.com/yassinebenaid/bunny/parser/compounds.go:719.9,721.3 1 0
github.com/yassinebenaid/bunny/parser/compounds.go:723.2,724.32 2 0
github.com/yassinebenaid/bunny/parser/compounds.go:724.32,726.3 1 0
github.com/yassinebenaid/bunny/parser/compounds.go:727.2,727.38 1 0
github.com/yassinebenaid/bunny/parser/compounds.go:727.38,729.3 1 0
github.com/yassinebenaid/bunny/parser/compounds.go:730.2,731.65 2 0
github.com/yassinebenaid/bunny/parser/compounds.go:731.65,733.3 1 0
github.com/yassinebenaid/bunny/parser/compounds.go:735.2,736.21 2 0
github.com/yassinebenaid/bunny/parser/compounds.go:736.21,739.3 2 0
github.com/yassinebenaid/bunny/parser/compounds.go:741.2,741.62 1 0
github.com/yassinebenaid/bunny/parser/expansion.go:8.60,11.65 3 19
github.com/yassinebenaid/bunny/parser/expansion.go:11.65,13.3 1 6
github.com/yassinebenaid/bunny/parser/expansion.go:15.2,15.67 1 19
github.com/yassinebenaid/bunny/parser/expansion.go:15.67,17.21 2 25
github.com/yassinebenaid/bunny/parser/expansion.go:17.21,19.4 1 2
github.com/yassinebenaid/bunny/parser/expansion.go:20.3,21.71 2 23
github.com/yassinebenaid/bunny/parser/expansion.go:21.71,23.4 1 9
github.com/yassinebenaid/bunny/parser/expansion.go:24.3,24.66 1 23
github.com/yassinebenaid/bunny/parser/expansion.go:24.66,26.4 1 11
github.com/yassinebenaid/bunny/parser/expansion.go:29.2,29.20 1 17
github.com/yassinebenaid/bunny/parser/expansion.go:29.20,31.3 1 2
github.com/yassinebenaid/bunny/parser/expansion.go:33.2,33.38 1 17
github.com/yassinebenaid/bunny/parser/expansion.go:33.38,35.3 1 2
github.com/yassinebenaid/bunny/parser/expansion.go:37.2,37.13 1 17
github.com/yassinebenaid/bunny/parser/expansion.go:40.60,45.17 4 37
github.com/yassinebenaid/bunny/parser/expansion.go:45.17,47.3 1 19
github.com/yassinebenaid/bunny/parser/expansion.go:49.2,50.65 2 37
github.com/yassinebenaid/bunny/parser/expansion.go:50.65,52.3 1 12
github.com/yassinebenaid/bunny/parser/expansion.go:54.2,54.67 1 37
github.com/yassinebenaid/bunny/parser/expansion.go:54.67,56.21 2 49
github.com/yassinebenaid/bunny/parser/expansion.go:56.21,58.4 1 4
github.com/yassinebenaid/bunny/parser/expansion.go:59.3,60.71 2 45
github.com/yassinebenaid/bunny/parser/expansion.go:60.71,62.4 1 18
github.com/yassinebenaid/bunny/parser/expansion.go:63.3,63.66 1 45
github.com/yassinebenaid/bunny/parser/expansion.go:63.66,65.4 1 22
github.com/yassinebenaid/bunny/parser/expansion.go:68.2,68.28 1 33
github.com/yassinebenaid/bunny/parser/expansion.go:68.28,70.3 1 4
github.com/yassinebenaid/bunny/parser/expansion.go:72.2,72.38 1 33
github.com/yassinebenaid/bunny/parser/expansion.go:72.38,74.3 1 4
github.com/yassinebenaid/bunny/parser/expansion.go:76.2,76.16 1 33
github.com/yassinebenaid/bunny/parser/expansion.go:79.59,83.31 3 131
github.com/yassinebenaid/bunny/parser/expansion.go:83.31,87.39 3 5
github.com/yassinebenaid/bunny/parser/expansion.go:87.39,89.4 1 2
github.com/yassinebenaid/bunny/parser/expansion.go:90.3,90.13 1 5
github.com/yassinebenaid/bunny/parser/expansion.go:93.2,95.21 2 126
github.com/yassinebenaid/bunny/parser/expansion.go:96.25,97.25 1 25
github.com/yassinebenaid/bunny/parser/expansion.go:97.25,99.4 1 2
github.com/yassinebenaid/bunny/parser/expansion.go:99.9,101.4 1 23
github.com/yassinebenaid/bunny/parser/expansion.go:102.38,109.4 3 9
github.com/yassinebenaid/bunny/parser/expansion.go:110.26,115.4 2 4
github.com/yassinebenaid/bunny/parser/expansion.go:116.28,121.4 2 4
github.com/yassinebenaid/bunny/parser/expansion.go:122.24,127.4 2 4
github.com/yassinebenaid/bunny/parser/expansion.go:128.82,135.4 3 16
github.com/yassinebenaid/bunny/parser/expansion.go:136.55,138.61 2 16
github.com/yassinebenaid/bunny/parser/expansion.go:138.61,141.4 2 4
github.com/yassinebenaid/bunny/parser/expansion.go:142.3,148.4 2 16
github.com/yassinebenaid/bunny/parser/expansion.go:149.19,152.94 3 27
github.com/yassinebenaid/bunny/parser/expansion.go:152.94,155.4 2 20
github.com/yassinebenaid/bunny/parser/expansion.go:157.3,158.33 2 27
github.com/yassinebenaid/bunny/parser/expansion.go:158.33,160.4 1 2
github.com/yassinebenaid/bunny/parser/expansion.go:160.9,162.4 1 25
github.com/yassinebenaid/bunny/parser/expansion.go:164.3,166.33 2 27
github.com/yassinebenaid/bunny/parser/expansion.go:166.33,169.4 2 19
github.com/yassinebenaid/bunny/parser/expansion.go:171.3,171.12 1 27
github.com/yassinebenaid/bunny/parser/expansion.go:172.19,176.33 3 4
github.com/yassinebenaid/bunny/parser/expansion.go:176.33,179.4 2 2
github.com/yassinebenaid/bunny/parser/expansion.go:181.3,181.14 1 4
github.com/yassinebenaid/bunny/parser/expansion.go:182.16,184.25 2 11
github.com/yassinebenaid/bunny/parser/expansion.go:185.57,185.57 0 10
github.com/yassinebenaid/bunny/parser/expansion.go:186.11,187.108 1 1
github.com/yassinebenaid/bunny/parser/expansion.go:189.3,190.14 2 11
github.com/yassinebenaid/bunny/parser/expansion.go:193.2,193.38 1 126
github.com/yassinebenaid/bunny/parser/expansion.go:193.38,195.3 1 7
github.com/yassinebenaid/bunny/parser/expansion.go:197.2,197.12 1 126
github.com/yassinebenaid/bunny/parser/expansion.go:200.89,204.6 2 97
github.com/yassinebenaid/bunny/parser/expansion.go:204.6,205.22 1 565
github.com/yassinebenaid/bunny/parser/expansion.go:206.37,207.14 1 80
github.com/yassinebenaid/bunny/parser/expansion.go:208.31,209.50 1 21
github.com/yassinebenaid/bunny/parser/expansion.go:210.27,211.49 1 1
github.com/yassinebenaid/bunny/parser/expansion.go:212.27,213.42 1 21
github.com/yassinebenaid/bunny/parser/expansion.go:214.27,215.55 1 1
github.com/yassinebenaid/bunny/parser/expansion.go:216.39,217.55 1 1
github.com/yassinebenaid/bunny/parser/expansion.go:218.27,219.54 1 21
github.com/yassinebenaid/bunny/parser/expansion.go:220.11,221.29 1 419
github.com/yassinebenaid/bunny/parser/expansion.go:221.29,222.15 1 17
github.com/yassinebenaid/bunny/parser/expansion.go:225.4,225.51 1 402
github.com/yassinebenaid/bunny/parser/expansion.go:228.3,228.14 1 468
github.com/yassinebenaid/bunny/parser/expansion.go:231.2,231.29 1 97
github.com/yassinebenaid/bunny/parser/expansion.go:234.45,235.31 1 131
github.com/yassinebenaid/bunny/parser/expansion.go:235.31,237.3 1 3
github.com/yassinebenaid/bunny/parser/expansion.go:239.2,244.39 4 131
github.com/yassinebenaid/bunny/parser/expansion.go:244.39,247.41 3 5
github.com/yassinebenaid/bunny/parser/expansion.go:247.41,249.4 1 2
github.com/yassinebenaid/bunny/parser/expansion.go:250.3,250.14 1 5
github.com/yassinebenaid/bunny/parser/expansion.go:253.2,253.14 1 131
github.com/yassinebenaid/bunny/parser/parser.go:11.32,19.2 4 521
github.com/yassinebenaid/bunny/parser/parser.go:34.39,36.2 1 246
github.com/yassinebenaid/bunny/parser/parser.go:38.49,39.20 1 349
github.com/yassinebenaid/bunny/parser/parser.go:39.20,45.3 1 246
github.com/yassinebenaid/bunny/parser/parser.go:48.28,51.2 2 10561
github.com/yassinebenaid/bunny/parser/parser.go:53.43,56.46 2 521
github.com/yassinebenaid/bunny/parser/parser.go:56.46,57.22 1 636
github.com/yassinebenaid/bunny/parser/parser.go:58.35,59.12 1 75
github.com/yassinebenaid/bunny/parser/parser.go:60.19,61.65 1 5
github.com/yassinebenaid/bunny/parser/parser.go:61.65,63.5 1 20
github.com/yassinebenaid/bunny/parser/parser.go:64.11,65.55 1 556
github.com/yassinebenaid/bunny/parser/parser.go:65.55,67.5 1 463
github.com/yassinebenaid/bunny/parser/parser.go:67.10,69.5 1 93
github.com/yassinebenaid/bunny/parser/parser.go:70.4,70.75 1 463
github.com/yassinebenaid/bunny/parser/parser.go:70.75,72.5 1 6
github.com/yassinebenaid/bunny/parser/parser.go:76.2,76.15 1 428
github.com/yassinebenaid/bunny/parser/parser.go:79.51,83.17 3 1019
github.com/yassinebenaid/bunny/parser/parser.go:83.17,85.3 1 124
github.com/yassinebenaid/bunny/parser/parser.go:85.8,85.27 1 895
github.com/yassinebenaid/bunny/parser/parser.go:85.27,87.3 1 855
github.com/yassinebenaid/bunny/parser/parser.go:87.8,89.3 1 40
github.com/yassinebenaid/bunny/parser/parser.go:91.2,91.58 1 895
github.com/yassinebenaid/bunny/parser/parser.go:91.58,94.66 3 82
github.com/yassinebenaid/bunny/parser/parser.go:94.66,96.4 1 77
github.com/yassinebenaid/bunny/parser/parser.go:98.3,100.23 3 82
github.com/yassinebenaid/bunny/parser/parser.go:100.23,102.4 1 12
github.com/yassinebenaid/bunny/parser/parser.go:102.9,102.33 1 70
github.com/yassinebenaid/bunny/parser/parser.go:102.33,104.4 1 62
github.com/yassinebenaid/bunny/parser/parser.go:104.9,106.4 1 8
github.com/yassinebenaid/bunny/parser/parser.go:108.3,112.4 1 70
github.com/yassinebenaid/bunny/parser/parser.go:115.2,115.36 1 883
github.com/yassinebenaid/bunny/parser/parser.go:115.36,117.3 1 31
github.com/yassinebenaid/bunny/parser/parser.go:119.2,119.13 1 852
github.com/yassinebenaid/bunny/parser/parser.go:122.46,126.16 3 1101
github.com/yassinebenaid/bunny/parser/parser.go:126.16,128.3 1 104
github.com/yassinebenaid/bunny/parser/parser.go:129.2,131.6 2 997
github.com/yassinebenaid/bunny/parser/parser.go:131.6,132.71 1 1065
github.com/yassinebenaid/bunny/parser/parser.go:132.71,133.9 1 965
github.com/yassinebenaid/bunny/parser/parser.go:135.3,139.66 4 100
github.com/yassinebenaid/bunny/parser/parser.go:139.66,141.4 1 96
github.com/yassinebenaid/bunny/parser/parser.go:143.3,144.26 2 100
github.com/yassinebenaid/bunny/parser/parser.go:144.26,146.4 1 32
github.com/yassinebenaid/bunny/parser/parser.go:147.3,147.36 1 68
github.com/yassinebenaid/bunny/parser/parser.go:150.2,150.17 1 965
github.com/yassinebenaid/bunny/parser/parser.go:153.47,154.56 1 1201
github.com/yassinebenaid/bunny/parser/parser.go:154.56,156.3 1 268
github.com/yassinebenaid/bunny/parser/parser.go:158.2,160.21 3 933
github.com/yassinebenaid/bunny/parser/parser.go:160.21,163.3 2 94
github.com/yassinebenaid/bunny/parser/parser.go:165.2,165.32 1 839
github.com/yassinebenaid/bunny/parser/parser.go:165.32,167.3 1 355
github.com/yassinebenaid/bunny/parser/parser.go:168.2,168.37 1 839
github.com/yassinebenaid/bunny/parser/parser.go:168.37,170.10 2 10
github.com/yassinebenaid/bunny/parser/parser.go:170.10,172.4 1 1
github.com/yassinebenaid/bunny/parser/parser.go:174.3,175.33 2 10
github.com/yassinebenaid/bunny/parser/parser.go:175.33,177.4 1 1
github.com/yassinebenaid/bunny/parser/parser.go:178.3,178.39 1 10
github.com/yassinebenaid/bunny/parser/parser.go:178.39,180.4 1 1
github.com/yassinebenaid/bunny/parser/parser.go:181.3,182.66 2 10
github.com/yassinebenaid/bunny/parser/parser.go:182.66,184.4 1 8
github.com/yassinebenaid/bunny/parser/parser.go:186.3,186.57 1 10
github.com/yassinebenaid/bunny/parser/parser.go:186.57,188.4 1 3
github.com/yassinebenaid/bunny/parser/parser.go:188.9,190.4 1 7
github.com/yassinebenaid/bunny/parser/parser.go:193.1,194.6 1 832
github.com/yassinebenaid/bunny/parser/parser.go:194.6,195.10 1 1360
github.com/yassinebenaid/bunny/parser/parser.go:196.35,197.9 1 9
github.com/yassinebenaid/bunny/parser/parser.go:198.33,199.14 1 241
github.com/yassinebenaid/bunny/parser/parser.go:200.34,201.65 1 1
github.com/yassinebenaid/bunny/parser/parser.go:201.65,203.5 1 3
github.com/yassinebenaid/bunny/parser/parser.go:204.31,205.42 1 159
github.com/yassinebenaid/bunny/parser/parser.go:206.11,207.26 1 950
github.com/yassinebenaid/bunny/parser/parser.go:207.26,208.15 1 591
github.com/yassinebenaid/bunny/parser/parser.go:211.4,211.52 1 359
github.com/yassinebenaid/bunny/parser/parser.go:214.3,214.53 1 528
github.com/yassinebenaid/bunny/parser/parser.go:214.53,216.4 1 415
github.com/yassinebenaid/bunny/parser/parser.go:218.2,218.12 1 832
github.com/yassinebenaid/bunny/parser/parser.go:221.51,225.6 2 1671
github.com/yassinebenaid/bunny/parser/parser.go:225.6,226.22 1 3664
github.com/yassinebenaid/bunny/parser/parser.go:227.31,228.14 1 1082
github.com/yassinebenaid/bunny/parser/parser.go:229.31,230.50 1 40
github.com/yassinebenaid/bunny/parser/parser.go:231.27,232.49 1 53
github.com/yassinebenaid/bunny/parser/parser.go:233.27,234.42 1 94
github.com/yassinebenaid/bunny/parser/parser.go:235.27,236.55 1 18
github.com/yassinebenaid/bunny/parser/parser.go:237.34,238.58 1 102
github.com/yassinebenaid/bunny/parser/parser.go:239.39,240.55 1 36
github.com/yassinebenaid/bunny/parser/parser.go:241.27,242.54 1 109
github.com/yassinebenaid/bunny/parser/parser.go:243.18,244.49 1 233
github.com/yassinebenaid/bunny/parser/parser.go:244.49,245.15 1 14
github.com/yassinebenaid/bunny/parser/parser.go:247.4,247.15 1 219
github.com/yassinebenaid/bunny/parser/parser.go:248.11,249.80 1 2116
github.com/yassinebenaid/bunny/parser/parser.go:249.80,250.15 1 575
github.com/yassinebenaid/bunny/parser/parser.go:253.4,253.51 1 1541
github.com/yassinebenaid/bunny/parser/parser.go:256.3,256.14 1 1993
github.com/yassinebenaid/bunny/parser/parser.go:259.2,259.29 1 1671
github.com/yassinebenaid/bunny/parser/parser.go:262.48,265.39 2 54
github.com/yassinebenaid/bunny/parser/parser.go:265.39,267.3 1 1
github.com/yassinebenaid/bunny/parser/parser.go:269.2,272.39 3 53
github.com/yassinebenaid/bunny/parser/parser.go:272.39,274.3 1 1
github.com/yassinebenaid/bunny/parser/parser.go:276.2,276.23 1 53
github.com/yassinebenaid/bunny/parser/parser.go:279.47,282.39 2 115
github.com/yassinebenaid/bunny/parser/parser.go:282.39,284.3 1 1
github.com/yassinebenaid/bunny/parser/parser.go:286.2,289.6 2 114
github.com/yassinebenaid/bunny/parser/parser.go:289.6,290.22 1 327
github.com/yassinebenaid/bunny/parser/parser.go:291.38,292.14 1 114
github.com/yassinebenaid/bunny/parser/parser.go:293.27,294.56 1 2
github.com/yassinebenaid/bunny/parser/parser.go:295.31,296.50 1 10
github.com/yassinebenaid/bunny/parser/parser.go:297.11,298.51 1 201
github.com/yassinebenaid/bunny/parser/parser.go:301.3,301.14 1 213
github.com/yassinebenaid/bunny/parser/parser.go:304.2,304.39 1 114
github.com/yassinebenaid/bunny/parser/parser.go:304.39,306.3 1 1
github.com/yassinebenaid/bunny/parser/parser.go:308.2,308.28 1 114
github.com/yassinebenaid/bunny/parser/parser.go:311.61,316.25 4 1882
github.com/yassinebenaid/bunny/parser/parser.go:316.25,318.35 1 2674
github.com/yassinebenaid/bunny/parser/parser.go:318.35,321.4 2 2307
github.com/yassinebenaid/bunny/parser/parser.go:321.9,322.16 1 367
github.com/yassinebenaid/bunny/parser/parser.go:322.16,325.5 2 26
github.com/yassinebenaid/bunny/parser/parser.go:326.4,326.29 1 367
github.com/yassinebenaid/bunny/parser/parser.go:329.3,329.32 1 2674
github.com/yassinebenaid/bunny/parser/parser.go:329.32,331.4 1 1402
github.com/yassinebenaid/bunny/parser/parser.go:334.2,334.20 1 1882
github.com/yassinebenaid/bunny/parser/parser.go:334.20,336.3 1 141
github.com/yassinebenaid/bunny/parser/parser.go:338.2,338.12 1 1741
github.com/yassinebenaid/bunny/parser/parser.go:338.12,339.21 1 114
github.com/yassinebenaid/bunny/parser/parser.go:339.21,340.39 1 113
github.com/yassinebenaid/bunny/parser/parser.go:340.39,342.5 1 106
github.com/yassinebenaid/bunny/parser/parser.go:344.3,344.32 1 8
github.com/yassinebenaid/bunny/parser/parser.go:347.2,347.20 1 1627
github.com/yassinebenaid/bunny/parser/parser.go:347.20,349.3 1 1602
github.com/yassinebenaid/bunny/parser/parser.go:351.2,351.13 1 25
github.com/yassinebenaid/bunny/parser/parser.go:354.40,364.2 1 3757
github.com/yassinebenaid/bunny/parser/redirection.go:8.44,9.21 1 3945
github.com/yassinebenaid/bunny/parser/redirection.go:11.91,12.14 1 267
github.com/yassinebenaid/bunny/parser/redirection.go:13.17,15.22 1 149
github.com/yassinebenaid/bunny/parser/redirection.go:16.116,17.15 1 90
github.com/yassinebenaid/bunny/parser/redirection.go:21.2,21.14 1 3588
github.com/yassinebenaid/bunny/parser/redirection.go:24.59,25.21 1 273
github.com/yassinebenaid/bunny/parser/redirection.go:26.68,27.19 1 92
github.com/yassinebenaid/bunny/parser/redirection.go:28.53,29.16 1 85
github.com/yassinebenaid/bunny/parser/redirection.go:30.53,31.25 1 28
github.com/yassinebenaid/bunny/parser/redirection.go:32.17,33.27 1 68
github.com/yassinebenaid/bunny/parser/redirection.go:37.52,43.32 5 92
github.com/yassinebenaid/bunny/parser/redirection.go:43.32,45.3 1 9
github.com/yassinebenaid/bunny/parser/redirection.go:47.2,49.18 2 92
github.com/yassinebenaid/bunny/parser/redirection.go:49.18,51.3 1 8
github.com/yassinebenaid/bunny/parser/redirection.go:52.2,52.22 1 92
github.com/yassinebenaid/bunny/parser/redirection.go:55.60,63.32 6 68
github.com/yassinebenaid/bunny/parser/redirection.go:63.32,65.3 1 6
github.com/yassinebenaid/bunny/parser/redirection.go:67.2,68.18 2 68
github.com/yassinebenaid/bunny/parser/redirection.go:68.18,70.3 1 14
github.com/yassinebenaid/bunny/parser/redirection.go:72.2,72.22 1 68
github.com/yassinebenaid/bunny/parser/redirection.go:75.58,80.32 4 28
github.com/yassinebenaid/bunny/parser/redirection.go:80.32,82.3 1 2
github.com/yassinebenaid/bunny/parser/redirection.go:84.2,85.18 2 28
github.com/yassinebenaid/bunny/parser/redirection.go:85.18,87.3 1 2
github.com/yassinebenaid/bunny/parser/redirection.go:88.2,88.22 1 28
github.com/yassinebenaid/bunny/parser/redirection.go:91.49,97.32 5 85
github.com/yassinebenaid/bunny/parser/redirection.go:97.32,99.3 1 4
github.com/yassinebenaid/bunny/parser/redirection.go:101.2,102.18 2 85
github.com/yassinebenaid/bunny/parser/redirection.go:102.18,104.3 1 5
github.com/yassinebenaid/bunny/parser/redirection.go:106.2,106.22 1 85
