mode: set
github.com/yassinebenaid/bunny/parser/arithmetics.go:50.63,53.32 2 1
github.com/yassinebenaid/bunny/parser/arithmetics.go:53.32,55.3 1 1
github.com/yassinebenaid/bunny/parser/arithmetics.go:57.2,59.77 2 1
github.com/yassinebenaid/bunny/parser/arithmetics.go:59.77,61.3 1 1
github.com/yassinebenaid/bunny/parser/arithmetics.go:62.2,64.13 2 1
github.com/yassinebenaid/bunny/parser/arithmetics.go:67.52,70.6 2 1
github.com/yassinebenaid/bunny/parser/arithmetics.go:70.6,73.33 2 1
github.com/yassinebenaid/bunny/parser/arithmetics.go:73.33,75.4 1 0
github.com/yassinebenaid/bunny/parser/arithmetics.go:76.3,76.33 1 1
github.com/yassinebenaid/bunny/parser/arithmetics.go:76.33,77.9 1 1
github.com/yassinebenaid/bunny/parser/arithmetics.go:79.3,79.14 1 1
github.com/yassinebenaid/bunny/parser/arithmetics.go:82.2,82.13 1 1
github.com/yassinebenaid/bunny/parser/arithmetics.go:85.75,86.32 1 1
github.com/yassinebenaid/bunny/parser/arithmetics.go:86.32,88.3 1 1
github.com/yassinebenaid/bunny/parser/arithmetics.go:90.2,92.32 2 1
github.com/yassinebenaid/bunny/parser/arithmetics.go:92.32,94.3 1 1
github.com/yassinebenaid/bunny/parser/arithmetics.go:96.2,96.43 1 1
github.com/yassinebenaid/bunny/parser/arithmetics.go:96.43,98.3 1 1
github.com/yassinebenaid/bunny/parser/arithmetics.go:100.2,102.12 2 1
github.com/yassinebenaid/bunny/parser/arithmetics.go:105.47,106.21 1 1
github.com/yassinebenaid/bunny/parser/arithmetics.go:107.17,110.13 3 1
github.com/yassinebenaid/bunny/parser/arithmetics.go:111.42,115.33 3 1
github.com/yassinebenaid/bunny/parser/arithmetics.go:115.33,117.4 1 1
github.com/yassinebenaid/bunny/parser/arithmetics.go:118.3,118.22 1 1
github.com/yassinebenaid/bunny/parser/arithmetics.go:119.41,121.15 2 1
github.com/yassinebenaid/bunny/parser/arithmetics.go:123.3,123.13 1 1
github.com/yassinebenaid/bunny/parser/arithmetics.go:124.33,127.13 3 1
github.com/yassinebenaid/bunny/parser/arithmetics.go:128.26,131.13 3 1
github.com/yassinebenaid/bunny/parser/arithmetics.go:132.40,139.13 4 1
github.com/yassinebenaid/bunny/parser/arithmetics.go:140.31,147.13 4 1
github.com/yassinebenaid/bunny/parser/arithmetics.go:148.25,151.13 3 1
github.com/yassinebenaid/bunny/parser/arithmetics.go:152.19,155.13 3 1
github.com/yassinebenaid/bunny/parser/arithmetics.go:156.24,160.39 3 1
github.com/yassinebenaid/bunny/parser/arithmetics.go:160.39,162.4 1 1
github.com/yassinebenaid/bunny/parser/arithmetics.go:163.3,164.13 2 1
github.com/yassinebenaid/bunny/parser/arithmetics.go:165.17,166.63 1 1
github.com/yassinebenaid/bunny/parser/arithmetics.go:167.10,168.78 1 1
github.com/yassinebenaid/bunny/parser/arithmetics.go:171.2,171.12 1 1
github.com/yassinebenaid/bunny/parser/arithmetics.go:174.65,185.2 5 1
github.com/yassinebenaid/bunny/parser/arithmetics.go:187.67,188.21 1 1
github.com/yassinebenaid/bunny/parser/arithmetics.go:189.22,194.33 4 1
github.com/yassinebenaid/bunny/parser/arithmetics.go:194.33,196.4 1 1
github.com/yassinebenaid/bunny/parser/arithmetics.go:198.3,200.13 3 1
github.com/yassinebenaid/bunny/parser/arithmetics.go:203.45,210.13 4 1
github.com/yassinebenaid/bunny/parser/arithmetics.go:211.10,212.14 1 1
github.com/yassinebenaid/bunny/parser/compounds.go:8.59,9.21 1 1
github.com/yassinebenaid/bunny/parser/compounds.go:10.32,11.26 1 1
github.com/yassinebenaid/bunny/parser/compounds.go:12.17,13.24 1 1
github.com/yassinebenaid/bunny/parser/compounds.go:14.16,15.19 1 1
github.com/yassinebenaid/bunny/parser/compounds.go:16.18,17.21 1 1
github.com/yassinebenaid/bunny/parser/compounds.go:18.24,19.22 1 1
github.com/yassinebenaid/bunny/parser/compounds.go:20.24,21.25 1 1
github.com/yassinebenaid/bunny/parser/compounds.go:22.31,23.34 1 1
github.com/yassinebenaid/bunny/parser/compounds.go:24.86,26.14 2 1
github.com/yassinebenaid/bunny/parser/compounds.go:27.10,28.13 1 1
github.com/yassinebenaid/bunny/parser/compounds.go:32.49,37.65 5 1
github.com/yassinebenaid/bunny/parser/compounds.go:37.65,39.3 1 1
github.com/yassinebenaid/bunny/parser/compounds.go:41.2,41.87 1 1
github.com/yassinebenaid/bunny/parser/compounds.go:41.87,43.21 2 1
github.com/yassinebenaid/bunny/parser/compounds.go:43.21,45.4 1 1
github.com/yassinebenaid/bunny/parser/compounds.go:46.3,47.71 2 1
github.com/yassinebenaid/bunny/parser/compounds.go:47.71,49.4 1 1
github.com/yassinebenaid/bunny/parser/compounds.go:50.3,50.66 1 1
github.com/yassinebenaid/bunny/parser/compounds.go:50.66,52.4 1 1
github.com/yassinebenaid/bunny/parser/compounds.go:55.2,55.22 1 1
github.com/yassinebenaid/bunny/parser/compounds.go:55.22,57.3 1 1
github.com/yassinebenaid/bunny/parser/compounds.go:57.8,57.36 1 1
github.com/yassinebenaid/bunny/parser/compounds.go:57.36,59.3 1 1
github.com/yassinebenaid/bunny/parser/compounds.go:61.2,62.65 2 1
github.com/yassinebenaid/bunny/parser/compounds.go:62.65,64.3 1 1
github.com/yassinebenaid/bunny/parser/compounds.go:66.2,66.60 1 1
github.com/yassinebenaid/bunny/parser/compounds.go:66.60,68.21 2 1
github.com/yassinebenaid/bunny/parser/compounds.go:68.21,70.4 1 1
github.com/yassinebenaid/bunny/parser/compounds.go:71.3,72.71 2 1
github.com/yassinebenaid/bunny/parser/compounds.go:72.71,74.4 1 1
github.com/yassinebenaid/bunny/parser/compounds.go:75.3,75.66 1 1
github.com/yassinebenaid/bunny/parser/compounds.go:75.66,77.4 1 1
github.com/yassinebenaid/bunny/parser/compounds.go:80.2,80.22 1 1
github.com/yassinebenaid/bunny/parser/compounds.go:80.22,82.3 1 1
github.com/yassinebenaid/bunny/parser/compounds.go:82.8,82.38 1 1
github.com/yassinebenaid/bunny/parser/compounds.go:82.38,84.3 1 1
github.com/yassinebenaid/bunny/parser/compounds.go:86.2,89.6 2 1
github.com/yassinebenaid/bunny/parser/compounds.go:89.6,90.10 1 1
github.com/yassinebenaid/bunny/parser/compounds.go:91.35,92.15 1 1
github.com/yassinebenaid/bunny/parser/compounds.go:93.31,94.43 1 1
github.com/yassinebenaid/bunny/parser/compounds.go:95.11,96.14 1 1
github.com/yassinebenaid/bunny/parser/compounds.go:100.2,100.53 1 1
github.com/yassinebenaid/bunny/parser/compounds.go:100.53,102.3 1 1
github.com/yassinebenaid/bunny/parser/compounds.go:104.2,104.13 1 1
github.com/yassinebenaid/bunny/parser/compounds.go:107.47,115.33 7 1
github.com/yassinebenaid/bunny/parser/compounds.go:115.33,117.3 1 1
github.com/yassinebenaid/bunny/parser/compounds.go:118.2,118.44 1 1
github.com/yassinebenaid/bunny/parser/compounds.go:118.44,120.33 2 1
github.com/yassinebenaid/bunny/parser/compounds.go:120.33,122.4 1 1
github.com/yassinebenaid/bunny/parser/compounds.go:123.3,123.37 1 1
github.com/yassinebenaid/bunny/parser/compounds.go:123.37,125.4 1 1
github.com/yassinebenaid/bunny/parser/compounds.go:126.3,126.37 1 1
github.com/yassinebenaid/bunny/parser/compounds.go:126.37,128.4 1 1
github.com/yassinebenaid/bunny/parser/compounds.go:129.3,130.33 2 1
github.com/yassinebenaid/bunny/parser/compounds.go:130.33,132.4 1 1
github.com/yassinebenaid/bunny/parser/compounds.go:133.3,133.37 1 1
github.com/yassinebenaid/bunny/parser/compounds.go:133.37,135.4 1 1
github.com/yassinebenaid/bunny/parser/compounds.go:136.3,136.37 1 1
github.com/yassinebenaid/bunny/parser/compounds.go:136.37,138.4 1 1
github.com/yassinebenaid/bunny/parser/compounds.go:139.3,140.33 2 1
github.com/yassinebenaid/bunny/parser/compounds.go:140.33,142.4 1 1
github.com/yassinebenaid/bunny/parser/compounds.go:143.3,143.39 1 1
github.com/yassinebenaid/bunny/parser/compounds.go:143.39,145.4 1 1
github.com/yassinebenaid/bunny/parser/compounds.go:147.3,147.78 1 1
github.com/yassinebenaid/bunny/parser/compounds.go:147.78,149.4 1 1
github.com/yassinebenaid/bunny/parser/compounds.go:150.3,151.14 2 1
github.com/yassinebenaid/bunny/parser/compounds.go:152.8,154.32 1 1
github.com/yassinebenaid/bunny/parser/compounds.go:154.32,156.4 1 1
github.com/yassinebenaid/bunny/parser/compounds.go:157.3,159.33 3 1
github.com/yassinebenaid/bunny/parser/compounds.go:159.33,161.4 1 1
github.com/yassinebenaid/bunny/parser/compounds.go:163.3,163.30 1 1
github.com/yassinebenaid/bunny/parser/compounds.go:163.30,165.34 2 1
github.com/yassinebenaid/bunny/parser/compounds.go:165.34,167.5 1 1
github.com/yassinebenaid/bunny/parser/compounds.go:168.4,168.99 1 1
github.com/yassinebenaid/bunny/parser/compounds.go:168.99,170.22 2 1
github.com/yassinebenaid/bunny/parser/compounds.go:170.22,172.11 2 1
github.com/yassinebenaid/bunny/parser/compounds.go:174.5,175.35 2 1
github.com/yassinebenaid/bunny/parser/compounds.go:175.35,177.6 1 1
github.com/yassinebenaid/bunny/parser/compounds.go:179.4,179.27 1 1
github.com/yassinebenaid/bunny/parser/compounds.go:179.27,181.5 1 1
github.com/yassinebenaid/bunny/parser/compounds.go:185.2,185.36 1 1
github.com/yassinebenaid/bunny/parser/compounds.go:185.36,187.3 1 1
github.com/yassinebenaid/bunny/parser/compounds.go:188.2,188.65 1 1
github.com/yassinebenaid/bunny/parser/compounds.go:188.65,190.3 1 1
github.com/yassinebenaid/bunny/parser/compounds.go:192.2,192.29 1 1
github.com/yassinebenaid/bunny/parser/compounds.go:192.29,194.3 1 1
github.com/yassinebenaid/bunny/parser/compounds.go:195.2,196.65 2 1
github.com/yassinebenaid/bunny/parser/compounds.go:196.65,198.3 1 1
github.com/yassinebenaid/bunny/parser/compounds.go:200.2,200.60 1 1
github.com/yassinebenaid/bunny/parser/compounds.go:200.60,202.21 2 1
github.com/yassinebenaid/bunny/parser/compounds.go:202.21,204.4 1 1
github.com/yassinebenaid/bunny/parser/compounds.go:205.3,206.71 2 1
github.com/yassinebenaid/bunny/parser/compounds.go:206.71,208.4 1 1
github.com/yassinebenaid/bunny/parser/compounds.go:209.3,209.66 1 1
github.com/yassinebenaid/bunny/parser/compounds.go:209.66,211.4 1 1
github.com/yassinebenaid/bunny/parser/compounds.go:214.2,214.21 1 1
github.com/yassinebenaid/bunny/parser/compounds.go:214.21,216.3 1 1
github.com/yassinebenaid/bunny/parser/compounds.go:216.8,216.38 1 1
github.com/yassinebenaid/bunny/parser/compounds.go:216.38,218.3 1 1
github.com/yassinebenaid/bunny/parser/compounds.go:220.2,223.6 2 1
github.com/yassinebenaid/bunny/parser/compounds.go:223.6,224.10 1 1
github.com/yassinebenaid/bunny/parser/compounds.go:225.35,226.15 1 1
github.com/yassinebenaid/bunny/parser/compounds.go:227.31,228.42 1 1
github.com/yassinebenaid/bunny/parser/compounds.go:229.11,230.14 1 1
github.com/yassinebenaid/bunny/parser/compounds.go:234.2,234.53 1 1
github.com/yassinebenaid/bunny/parser/compounds.go:234.53,236.3 1 1
github.com/yassinebenaid/bunny/parser/compounds.go:238.2,238.19 1 1
github.com/yassinebenaid/bunny/parser/compounds.go:238.19,244.3 1 1
github.com/yassinebenaid/bunny/parser/compounds.go:246.2,251.3 1 1
github.com/yassinebenaid/bunny/parser/compounds.go:254.42,257.65 3 1
github.com/yassinebenaid/bunny/parser/compounds.go:257.65,259.3 1 1
github.com/yassinebenaid/bunny/parser/compounds.go:261.2,261.87 1 1
github.com/yassinebenaid/bunny/parser/compounds.go:261.87,263.21 2 1
github.com/yassinebenaid/bunny/parser/compounds.go:263.21,265.4 1 1
github.com/yassinebenaid/bunny/parser/compounds.go:266.3,267.71 2 1
github.com/yassinebenaid/bunny/parser/compounds.go:267.71,269.4 1 1
github.com/yassinebenaid/bunny/parser/compounds.go:270.3,270.66 1 1
github.com/yassinebenaid/bunny/parser/compounds.go:270.66,272.4 1 1
github.com/yassinebenaid/bunny/parser/compounds.go:275.2,275.22 1 1
github.com/yassinebenaid/bunny/parser/compounds.go:275.22,277.3 1 1
github.com/yassinebenaid/bunny/parser/compounds.go:277.8,277.38 1 1
github.com/yassinebenaid/bunny/parser/compounds.go:277.38,279.3 1 1
github.com/yassinebenaid/bunny/parser/compounds.go:281.2,282.65 2 1
github.com/yassinebenaid/bunny/parser/compounds.go:282.65,284.3 1 1
github.com/yassinebenaid/bunny/parser/compounds.go:286.2,286.116 1 1
github.com/yassinebenaid/bunny/parser/compounds.go:286.116,288.21 2 1
github.com/yassinebenaid/bunny/parser/compounds.go:288.21,290.4 1 1
github.com/yassinebenaid/bunny/parser/compounds.go:291.3,292.71 2 1
github.com/yassinebenaid/bunny/parser/compounds.go:292.71,294.4 1 1
github.com/yassinebenaid/bunny/parser/compounds.go:295.3,295.66 1 1
github.com/yassinebenaid/bunny/parser/compounds.go:295.66,297.4 1 1
github.com/yassinebenaid/bunny/parser/compounds.go:300.2,300.22 1 1
github.com/yassinebenaid/bunny/parser/compounds.go:300.22,302.3 1 1
github.com/yassinebenaid/bunny/parser/compounds.go:304.2,304.32 1 1
github.com/yassinebenaid/bunny/parser/compounds.go:304.32,306.66 2 1
github.com/yassinebenaid/bunny/parser/compounds.go:306.66,308.4 1 1
github.com/yassinebenaid/bunny/parser/compounds.go:310.3,312.88 2 1
github.com/yassinebenaid/bunny/parser/compounds.go:312.88,314.22 2 1
github.com/yassinebenaid/bunny/parser/compounds.go:314.22,316.5 1 1
github.com/yassinebenaid/bunny/parser/compounds.go:317.4,318.72 2 1
github.com/yassinebenaid/bunny/parser/compounds.go:318.72,320.5 1 1
github.com/yassinebenaid/bunny/parser/compounds.go:321.4,321.67 1 1
github.com/yassinebenaid/bunny/parser/compounds.go:321.67,323.5 1 1
github.com/yassinebenaid/bunny/parser/compounds.go:326.3,326.23 1 1
github.com/yassinebenaid/bunny/parser/compounds.go:326.23,328.4 1 1
github.com/yassinebenaid/bunny/parser/compounds.go:328.9,328.39 1 1
github.com/yassinebenaid/bunny/parser/compounds.go:328.39,330.4 1 1
github.com/yassinebenaid/bunny/parser/compounds.go:332.3,333.66 2 1
github.com/yassinebenaid/bunny/parser/compounds.go:333.66,335.4 1 1
github.com/yassinebenaid/bunny/parser/compounds.go:337.3,337.117 1 1
github.com/yassinebenaid/bunny/parser/compounds.go:337.117,339.22 2 1
github.com/yassinebenaid/bunny/parser/compounds.go:339.22,341.5 1 1
github.com/yassinebenaid/bunny/parser/compounds.go:342.4,343.72 2 1
github.com/yassinebenaid/bunny/parser/compounds.go:343.72,345.5 1 1
github.com/yassinebenaid/bunny/parser/compounds.go:346.4,346.67 1 1
github.com/yassinebenaid/bunny/parser/compounds.go:346.67,348.5 1 1
github.com/yassinebenaid/bunny/parser/compounds.go:351.3,351.23 1 1
github.com/yassinebenaid/bunny/parser/compounds.go:351.23,353.4 1 1
github.com/yassinebenaid/bunny/parser/compounds.go:355.3,355.40 1 1
github.com/yassinebenaid/bunny/parser/compounds.go:358.2,358.31 1 1
github.com/yassinebenaid/bunny/parser/compounds.go:358.31,360.66 2 1
github.com/yassinebenaid/bunny/parser/compounds.go:360.66,362.4 1 1
github.com/yassinebenaid/bunny/parser/compounds.go:363.3,363.59 1 1
github.com/yassinebenaid/bunny/parser/compounds.go:363.59,365.22 2 1
github.com/yassinebenaid/bunny/parser/compounds.go:365.22,367.5 1 1
github.com/yassinebenaid/bunny/parser/compounds.go:368.4,369.72 2 1
github.com/yassinebenaid/bunny/parser/compounds.go:369.72,371.5 1 1
github.com/yassinebenaid/bunny/parser/compounds.go:372.4,372.67 1 1
github.com/yassinebenaid/bunny/parser/compounds.go:372.67,374.5 1 1
github.com/yassinebenaid/bunny/parser/compounds.go:376.3,376.28 1 1
github.com/yassinebenaid/bunny/parser/compounds.go:376.28,378.4 1 1
github.com/yassinebenaid/bunny/parser/compounds.go:381.2,381.29 1 1
github.com/yassinebenaid/bunny/parser/compounds.go:381.29,383.3 1 1
github.com/yassinebenaid/bunny/parser/compounds.go:385.2,388.6 2 1
github.com/yassinebenaid/bunny/parser/compounds.go:388.6,389.10 1 1
github.com/yassinebenaid/bunny/parser/compounds.go:390.35,391.15 1 1
github.com/yassinebenaid/bunny/parser/compounds.go:392.31,393.43 1 1
github.com/yassinebenaid/bunny/parser/compounds.go:394.11,395.14 1 1
github.com/yassinebenaid/bunny/parser/compounds.go:399.2,399.53 1 1
github.com/yassinebenaid/bunny/parser/compounds.go:399.53,401.3 1 1
github.com/yassinebenaid/bunny/parser/compounds.go:403.2,403.13 1 1
github.com/yassinebenaid/bunny/parser/compounds.go:406.44,409.32 3 1
github.com/yassinebenaid/bunny/parser/compounds.go:409.32,411.3 1 1
github.com/yassinebenaid/bunny/parser/compounds.go:413.2,414.22 2 1
github.com/yassinebenaid/bunny/parser/compounds.go:414.22,416.3 1 1
github.com/yassinebenaid/bunny/parser/compounds.go:418.2,418.65 1 1
github.com/yassinebenaid/bunny/parser/compounds.go:418.65,420.3 1 1
github.com/yassinebenaid/bunny/parser/compounds.go:422.2,422.29 1 1
github.com/yassinebenaid/bunny/parser/compounds.go:422.29,424.3 1 1
github.com/yassinebenaid/bunny/parser/compounds.go:425.2,426.65 2 1
github.com/yassinebenaid/bunny/parser/compounds.go:426.65,428.3 1 1
github.com/yassinebenaid/bunny/parser/compounds.go:430.2,430.60 1 1
github.com/yassinebenaid/bunny/parser/compounds.go:430.60,432.38 2 1
github.com/yassinebenaid/bunny/parser/compounds.go:432.38,434.4 1 1
github.com/yassinebenaid/bunny/parser/compounds.go:436.3,436.7 1 1
github.com/yassinebenaid/bunny/parser/compounds.go:436.7,438.22 2 1
github.com/yassinebenaid/bunny/parser/compounds.go:438.22,440.5 1 1
github.com/yassinebenaid/bunny/parser/compounds.go:441.4,443.34 2 1
github.com/yassinebenaid/bunny/parser/compounds.go:443.34,445.5 1 1
github.com/yassinebenaid/bunny/parser/compounds.go:446.4,446.33 1 1
github.com/yassinebenaid/bunny/parser/compounds.go:446.33,447.10 1 1
github.com/yassinebenaid/bunny/parser/compounds.go:449.4,450.34 2 1
github.com/yassinebenaid/bunny/parser/compounds.go:450.34,452.5 1 1
github.com/yassinebenaid/bunny/parser/compounds.go:455.3,455.39 1 1
github.com/yassinebenaid/bunny/parser/compounds.go:455.39,457.4 1 1
github.com/yassinebenaid/bunny/parser/compounds.go:458.3,459.66 2 1
github.com/yassinebenaid/bunny/parser/compounds.go:459.66,461.4 1 1
github.com/yassinebenaid/bunny/parser/compounds.go:463.3,463.7 1 1
github.com/yassinebenaid/bunny/parser/compounds.go:463.7,464.61 1 1
github.com/yassinebenaid/bunny/parser/compounds.go:464.61,465.10 1 1
github.com/yassinebenaid/bunny/parser/compounds.go:467.4,468.22 2 1
github.com/yassinebenaid/bunny/parser/compounds.go:468.22,470.5 1 1
github.com/yassinebenaid/bunny/parser/compounds.go:471.4,476.36 2 1
github.com/yassinebenaid/bunny/parser/compounds.go:476.36,478.5 1 1
github.com/yassinebenaid/bunny/parser/compounds.go:479.4,479.67 1 1
github.com/yassinebenaid/bunny/parser/compounds.go:479.67,481.5 1 1
github.com/yassinebenaid/bunny/parser/compounds.go:483.4,483.72 1 1
github.com/yassinebenaid/bunny/parser/compounds.go:483.72,488.68 4 1
github.com/yassinebenaid/bunny/parser/compounds.go:488.68,490.6 1 1
github.com/yassinebenaid/bunny/parser/compounds.go:492.5,492.10 1 1
github.com/yassinebenaid/bunny/parser/compounds.go:495.4,495.72 1 1
github.com/yassinebenaid/bunny/parser/compounds.go:495.72,500.39 4 1
github.com/yassinebenaid/bunny/parser/compounds.go:500.39,503.6 2 1
github.com/yassinebenaid/bunny/parser/compounds.go:504.5,504.68 1 1
github.com/yassinebenaid/bunny/parser/compounds.go:504.68,506.6 1 1
github.com/yassinebenaid/bunny/parser/compounds.go:508.5,508.10 1 1
github.com/yassinebenaid/bunny/parser/compounds.go:511.3,511.40 1 1
github.com/yassinebenaid/bunny/parser/compounds.go:514.2,514.31 1 1
github.com/yassinebenaid/bunny/parser/compounds.go:514.31,516.3 1 1
github.com/yassinebenaid/bunny/parser/compounds.go:517.2,520.6 2 1
github.com/yassinebenaid/bunny/parser/compounds.go:520.6,521.10 1 1
github.com/yassinebenaid/bunny/parser/compounds.go:522.35,523.15 1 1
github.com/yassinebenaid/bunny/parser/compounds.go:524.31,525.43 1 1
github.com/yassinebenaid/bunny/parser/compounds.go:526.11,527.14 1 1
github.com/yassinebenaid/bunny/parser/compounds.go:531.2,531.53 1 1
github.com/yassinebenaid/bunny/parser/compounds.go:531.53,533.3 1 1
github.com/yassinebenaid/bunny/parser/compounds.go:535.2,535.13 1 1
github.com/yassinebenaid/bunny/parser/compounds.go:538.45,541.65 3 1
github.com/yassinebenaid/bunny/parser/compounds.go:541.65,543.3 1 1
github.com/yassinebenaid/bunny/parser/compounds.go:545.2,545.67 1 1
github.com/yassinebenaid/bunny/parser/compounds.go:545.67,547.21 2 1
github.com/yassinebenaid/bunny/parser/compounds.go:547.21,549.4 1 1
github.com/yassinebenaid/bunny/parser/compounds.go:550.3,551.71 2 1
github.com/yassinebenaid/bunny/parser/compounds.go:551.71,553.4 1 1
github.com/yassinebenaid/bunny/parser/compounds.go:554.3,554.66 1 1
github.com/yassinebenaid/bunny/parser/compounds.go:554.66,556.4 1 1
github.com/yassinebenaid/bunny/parser/compounds.go:559.2,559.26 1 1
github.com/yassinebenaid/bunny/parser/compounds.go:559.26,561.3 1 1
github.com/yassinebenaid/bunny/parser/compounds.go:563.2,563.38 1 1
github.com/yassinebenaid/bunny/parser/compounds.go:563.38,565.3 1 1
github.com/yassinebenaid/bunny/parser/compounds.go:567.2,570.6 2 1
github.com/yassinebenaid/bunny/parser/compounds.go:570.6,571.10 1 1
github.com/yassinebenaid/bunny/parser/compounds.go:572.35,573.15 1 1
github.com/yassinebenaid/bunny/parser/compounds.go:574.31,575.44 1 1
github.com/yassinebenaid/bunny/parser/compounds.go:576.11,577.14 1 1
github.com/yassinebenaid/bunny/parser/compounds.go:581.2,581.53 1 1
github.com/yassinebenaid/bunny/parser/compounds.go:581.53,583.3 1 1
github.com/yassinebenaid/bunny/parser/compounds.go:585.2,585.14 1 1
github.com/yassinebenaid/bunny/parser/compounds.go:588.48,591.65 3 1
github.com/yassinebenaid/bunny/parser/compounds.go:591.65,593.3 1 1
github.com/yassinebenaid/bunny/parser/compounds.go:595.2,595.67 1 1
github.com/yassinebenaid/bunny/parser/compounds.go:595.67,597.21 2 1
github.com/yassinebenaid/bunny/parser/compounds.go:597.21,599.4 1 1
github.com/yassinebenaid/bunny/parser/compounds.go:600.3,601.71 2 1
github.com/yassinebenaid/bunny/parser/compounds.go:601.71,603.4 1 1
github.com/yassinebenaid/bunny/parser/compounds.go:604.3,604.66 1 1
github.com/yassinebenaid/bunny/parser/compounds.go:604.66,606.4 1 1
github.com/yassinebenaid/bunny/parser/compounds.go:609.2,609.26 1 1
github.com/yassinebenaid/bunny/parser/compounds.go:609.26,611.3 1 1
github.com/yassinebenaid/bunny/parser/compounds.go:613.2,613.38 1 1
github.com/yassinebenaid/bunny/parser/compounds.go:613.38,615.3 1 1
github.com/yassinebenaid/bunny/parser/compounds.go:617.2,620.6 2 1
github.com/yassinebenaid/bunny/parser/compounds.go:620.6,621.10 1 1
github.com/yassinebenaid/bunny/parser/compounds.go:622.35,623.15 1 1
github.com/yassinebenaid/bunny/parser/compounds.go:624.31,625.44 1 1
github.com/yassinebenaid/bunny/parser/compounds.go:626.11,627.14 1 1
github.com/yassinebenaid/bunny/parser/compounds.go:631.2,631.53 1 1
github.com/yassinebenaid/bunny/parser/compounds.go:631.53,633.3 1 1
github.com/yassinebenaid/bunny/parser/compounds.go:635.2,635.14 1 1
github.com/yassinebenaid/bunny/parser/compounds.go:638.57,640.33 2 1
github.com/yassinebenaid/bunny/parser/compounds.go:640.33,642.3 1 1
github.com/yassinebenaid/bunny/parser/compounds.go:644.2,647.77 3 1
github.com/yassinebenaid/bunny/parser/compounds.go:647.77,649.3 1 1
github.com/yassinebenaid/bunny/parser/compounds.go:650.2,654.6 3 1
github.com/yassinebenaid/bunny/parser/compounds.go:654.6,655.10 1 1
github.com/yassinebenaid/bunny/parser/compounds.go:656.35,657.15 1 1
github.com/yassinebenaid/bunny/parser/compounds.go:658.31,659.43 1 1
github.com/yassinebenaid/bunny/parser/compounds.go:660.11,661.14 1 1
github.com/yassinebenaid/bunny/parser/compounds.go:665.2,665.53 1 1
github.com/yassinebenaid/bunny/parser/compounds.go:665.53,667.3 1 1
github.com/yassinebenaid/bunny/parser/compounds.go:669.2,669.13 1 1
github.com/yassinebenaid/bunny/parser/expansion.go:8.60,11.65 3 1
github.com/yassinebenaid/bunny/parser/expansion.go:11.65,13.3 1 1
github.com/yassinebenaid/bunny/parser/expansion.go:15.2,15.67 1 1
github.com/yassinebenaid/bunny/parser/expansion.go:15.67,17.21 2 1
github.com/yassinebenaid/bunny/parser/expansion.go:17.21,19.4 1 1
github.com/yassinebenaid/bunny/parser/expansion.go:20.3,21.71 2 1
github.com/yassinebenaid/bunny/parser/expansion.go:21.71,23.4 1 1
github.com/yassinebenaid/bunny/parser/expansion.go:24.3,24.66 1 1
github.com/yassinebenaid/bunny/parser/expansion.go:24.66,26.4 1 1
github.com/yassinebenaid/bunny/parser/expansion.go:29.2,29.20 1 1
github.com/yassinebenaid/bunny/parser/expansion.go:29.20,31.3 1 1
github.com/yassinebenaid/bunny/parser/expansion.go:33.2,33.38 1 1
github.com/yassinebenaid/bunny/parser/expansion.go:33.38,35.3 1 1
github.com/yassinebenaid/bunny/parser/expansion.go:37.2,37.13 1 1
github.com/yassinebenaid/bunny/parser/expansion.go:40.60,45.17 4 1
github.com/yassinebenaid/bunny/parser/expansion.go:45.17,47.3 1 1
github.com/yassinebenaid/bunny/parser/expansion.go:49.2,50.65 2 1
github.com/yassinebenaid/bunny/parser/expansion.go:50.65,52.3 1 1
github.com/yassinebenaid/bunny/parser/expansion.go:54.2,54.67 1 1
github.com/yassinebenaid/bunny/parser/expansion.go:54.67,56.21 2 1
github.com/yassinebenaid/bunny/parser/expansion.go:56.21,58.4 1 1
github.com/yassinebenaid/bunny/parser/expansion.go:59.3,60.71 2 1
github.com/yassinebenaid/bunny/parser/expansion.go:60.71,62.4 1 1
github.com/yassinebenaid/bunny/parser/expansion.go:63.3,63.66 1 1
github.com/yassinebenaid/bunny/parser/expansion.go:63.66,65.4 1 1
github.com/yassinebenaid/bunny/parser/expansion.go:68.2,68.28 1 1
github.com/yassinebenaid/bunny/parser/expansion.go:68.28,70.3 1 1
github.com/yassinebenaid/bunny/parser/expansion.go:72.2,72.38 1 1
github.com/yassinebenaid/bunny/parser/expansion.go:72.38,74.3 1 1
github.com/yassinebenaid/bunny/parser/expansion.go:76.2,76.16 1 1
github.com/yassinebenaid/bunny/parser/expansion.go:79.59,83.31 3 1
github.com/yassinebenaid/bunny/parser/expansion.go:83.31,87.39 3 1
github.com/yassinebenaid/bunny/parser/expansion.go:87.39,89.4 1 1
github.com/yassinebenaid/bunny/parser/expansion.go:90.3,90.13 1 1
github.com/yassinebenaid/bunny/parser/expansion.go:93.2,95.21 2 1
github.com/yassinebenaid/bunny/parser/expansion.go:96.25,97.23 1 1
github.com/yassinebenaid/bunny/parser/expansion.go:98.38,105.4 3 1
github.com/yassinebenaid/bunny/parser/expansion.go:106.26,111.4 2 1
github.com/yassinebenaid/bunny/parser/expansion.go:112.28,117.4 2 1
github.com/yassinebenaid/bunny/parser/expansion.go:118.24,123.4 2 1
github.com/yassinebenaid/bunny/parser/expansion.go:124.82,131.4 3 1
github.com/yassinebenaid/bunny/parser/expansion.go:132.55,134.61 2 1
github.com/yassinebenaid/bunny/parser/expansion.go:134.61,137.4 2 1
github.com/yassinebenaid/bunny/parser/expansion.go:138.3,144.4 2 1
github.com/yassinebenaid/bunny/parser/expansion.go:145.19,148.94 3 1
github.com/yassinebenaid/bunny/parser/expansion.go:148.94,151.4 2 1
github.com/yassinebenaid/bunny/parser/expansion.go:153.3,154.33 2 1
github.com/yassinebenaid/bunny/parser/expansion.go:154.33,156.4 1 1
github.com/yassinebenaid/bunny/parser/expansion.go:156.9,158.4 1 1
github.com/yassinebenaid/bunny/parser/expansion.go:160.3,162.33 2 1
github.com/yassinebenaid/bunny/parser/expansion.go:162.33,165.4 2 1
github.com/yassinebenaid/bunny/parser/expansion.go:167.3,167.12 1 1
github.com/yassinebenaid/bunny/parser/expansion.go:168.19,172.33 3 1
github.com/yassinebenaid/bunny/parser/expansion.go:172.33,175.4 2 1
github.com/yassinebenaid/bunny/parser/expansion.go:177.3,177.14 1 1
github.com/yassinebenaid/bunny/parser/expansion.go:178.16,180.25 2 1
github.com/yassinebenaid/bunny/parser/expansion.go:181.57,181.57 0 1
github.com/yassinebenaid/bunny/parser/expansion.go:182.11,183.116 1 1
github.com/yassinebenaid/bunny/parser/expansion.go:185.3,186.14 2 1
github.com/yassinebenaid/bunny/parser/expansion.go:189.2,189.38 1 1
github.com/yassinebenaid/bunny/parser/expansion.go:189.38,191.3 1 1
github.com/yassinebenaid/bunny/parser/expansion.go:193.2,193.12 1 1
github.com/yassinebenaid/bunny/parser/expansion.go:196.89,200.6 2 1
github.com/yassinebenaid/bunny/parser/expansion.go:200.6,201.22 1 1
github.com/yassinebenaid/bunny/parser/expansion.go:202.37,203.14 1 1
github.com/yassinebenaid/bunny/parser/expansion.go:204.31,205.50 1 1
github.com/yassinebenaid/bunny/parser/expansion.go:206.27,207.49 1 0
github.com/yassinebenaid/bunny/parser/expansion.go:208.27,209.42 1 1
github.com/yassinebenaid/bunny/parser/expansion.go:210.27,211.55 1 0
github.com/yassinebenaid/bunny/parser/expansion.go:212.39,213.55 1 0
github.com/yassinebenaid/bunny/parser/expansion.go:214.27,215.54 1 1
github.com/yassinebenaid/bunny/parser/expansion.go:216.11,217.29 1 1
github.com/yassinebenaid/bunny/parser/expansion.go:217.29,218.15 1 1
github.com/yassinebenaid/bunny/parser/expansion.go:221.4,221.51 1 1
github.com/yassinebenaid/bunny/parser/expansion.go:224.3,224.14 1 1
github.com/yassinebenaid/bunny/parser/expansion.go:227.2,227.22 1 1
github.com/yassinebenaid/bunny/parser/expansion.go:230.42,231.31 1 1
github.com/yassinebenaid/bunny/parser/expansion.go:231.31,233.3 1 1
github.com/yassinebenaid/bunny/parser/expansion.go:235.2,239.10 3 1
github.com/yassinebenaid/bunny/parser/parser.go:11.32,19.2 4 1
github.com/yassinebenaid/bunny/parser/parser.go:28.49,29.20 1 1
github.com/yassinebenaid/bunny/parser/parser.go:29.20,31.3 1 1
github.com/yassinebenaid/bunny/parser/parser.go:34.28,37.2 2 1
github.com/yassinebenaid/bunny/parser/parser.go:39.43,42.46 2 1
github.com/yassinebenaid/bunny/parser/parser.go:42.46,43.22 1 1
github.com/yassinebenaid/bunny/parser/parser.go:44.35,45.12 1 1
github.com/yassinebenaid/bunny/parser/parser.go:46.19,47.65 1 1
github.com/yassinebenaid/bunny/parser/parser.go:47.65,49.5 1 1
github.com/yassinebenaid/bunny/parser/parser.go:50.11,51.55 1 1
github.com/yassinebenaid/bunny/parser/parser.go:51.55,53.5 1 1
github.com/yassinebenaid/bunny/parser/parser.go:53.10,55.5 1 1
github.com/yassinebenaid/bunny/parser/parser.go:59.2,59.15 1 1
github.com/yassinebenaid/bunny/parser/parser.go:62.51,66.17 3 1
github.com/yassinebenaid/bunny/parser/parser.go:66.17,68.3 1 1
github.com/yassinebenaid/bunny/parser/parser.go:68.8,68.27 1 1
github.com/yassinebenaid/bunny/parser/parser.go:68.27,70.3 1 1
github.com/yassinebenaid/bunny/parser/parser.go:70.8,72.3 1 1
github.com/yassinebenaid/bunny/parser/parser.go:74.2,74.58 1 1
github.com/yassinebenaid/bunny/parser/parser.go:74.58,77.66 3 1
github.com/yassinebenaid/bunny/parser/parser.go:77.66,79.4 1 1
github.com/yassinebenaid/bunny/parser/parser.go:81.3,83.23 3 1
github.com/yassinebenaid/bunny/parser/parser.go:83.23,85.4 1 1
github.com/yassinebenaid/bunny/parser/parser.go:85.9,85.33 1 1
github.com/yassinebenaid/bunny/parser/parser.go:85.33,87.4 1 1
github.com/yassinebenaid/bunny/parser/parser.go:87.9,89.4 1 1
github.com/yassinebenaid/bunny/parser/parser.go:91.3,95.4 1 1
github.com/yassinebenaid/bunny/parser/parser.go:98.2,98.36 1 1
github.com/yassinebenaid/bunny/parser/parser.go:98.36,100.3 1 1
github.com/yassinebenaid/bunny/parser/parser.go:102.2,102.13 1 1
github.com/yassinebenaid/bunny/parser/parser.go:105.46,109.16 3 1
github.com/yassinebenaid/bunny/parser/parser.go:109.16,111.3 1 1
github.com/yassinebenaid/bunny/parser/parser.go:112.2,114.6 2 1
github.com/yassinebenaid/bunny/parser/parser.go:114.6,115.71 1 1
github.com/yassinebenaid/bunny/parser/parser.go:115.71,116.9 1 1
github.com/yassinebenaid/bunny/parser/parser.go:118.3,122.66 4 1
github.com/yassinebenaid/bunny/parser/parser.go:122.66,124.4 1 1
github.com/yassinebenaid/bunny/parser/parser.go:126.3,127.26 2 1
github.com/yassinebenaid/bunny/parser/parser.go:127.26,129.4 1 1
github.com/yassinebenaid/bunny/parser/parser.go:130.3,130.36 1 1
github.com/yassinebenaid/bunny/parser/parser.go:133.2,133.17 1 1
github.com/yassinebenaid/bunny/parser/parser.go:136.47,137.30 1 1
github.com/yassinebenaid/bunny/parser/parser.go:137.30,140.3 2 1
github.com/yassinebenaid/bunny/parser/parser.go:142.2,142.56 1 1
github.com/yassinebenaid/bunny/parser/parser.go:142.56,144.3 1 1
github.com/yassinebenaid/bunny/parser/parser.go:146.2,148.21 3 1
github.com/yassinebenaid/bunny/parser/parser.go:148.21,151.3 2 1
github.com/yassinebenaid/bunny/parser/parser.go:153.1,154.6 1 1
github.com/yassinebenaid/bunny/parser/parser.go:154.6,155.10 1 1
github.com/yassinebenaid/bunny/parser/parser.go:156.35,157.9 1 1
github.com/yassinebenaid/bunny/parser/parser.go:158.33,159.14 1 1
github.com/yassinebenaid/bunny/parser/parser.go:160.34,161.65 1 1
github.com/yassinebenaid/bunny/parser/parser.go:161.65,163.5 1 1
github.com/yassinebenaid/bunny/parser/parser.go:164.31,165.42 1 1
github.com/yassinebenaid/bunny/parser/parser.go:166.11,167.26 1 1
github.com/yassinebenaid/bunny/parser/parser.go:167.26,168.15 1 1
github.com/yassinebenaid/bunny/parser/parser.go:171.4,171.52 1 1
github.com/yassinebenaid/bunny/parser/parser.go:174.3,174.53 1 1
github.com/yassinebenaid/bunny/parser/parser.go:174.53,176.4 1 1
github.com/yassinebenaid/bunny/parser/parser.go:178.2,178.12 1 1
github.com/yassinebenaid/bunny/parser/parser.go:181.51,185.6 2 1
github.com/yassinebenaid/bunny/parser/parser.go:185.6,186.22 1 1
github.com/yassinebenaid/bunny/parser/parser.go:187.31,188.14 1 1
github.com/yassinebenaid/bunny/parser/parser.go:189.31,190.50 1 1
github.com/yassinebenaid/bunny/parser/parser.go:191.27,192.49 1 1
github.com/yassinebenaid/bunny/parser/parser.go:193.27,194.42 1 1
github.com/yassinebenaid/bunny/parser/parser.go:195.27,196.55 1 1
github.com/yassinebenaid/bunny/parser/parser.go:197.34,198.58 1 1
github.com/yassinebenaid/bunny/parser/parser.go:199.39,200.55 1 1
github.com/yassinebenaid/bunny/parser/parser.go:201.27,202.54 1 1
github.com/yassinebenaid/bunny/parser/parser.go:203.18,204.49 1 1
github.com/yassinebenaid/bunny/parser/parser.go:204.49,205.15 1 1
github.com/yassinebenaid/bunny/parser/parser.go:207.4,207.15 1 1
github.com/yassinebenaid/bunny/parser/parser.go:208.11,209.80 1 1
github.com/yassinebenaid/bunny/parser/parser.go:209.80,210.15 1 1
github.com/yassinebenaid/bunny/parser/parser.go:213.4,213.51 1 1
github.com/yassinebenaid/bunny/parser/parser.go:216.3,216.14 1 1
github.com/yassinebenaid/bunny/parser/parser.go:219.2,219.22 1 1
github.com/yassinebenaid/bunny/parser/parser.go:222.48,225.39 2 1
github.com/yassinebenaid/bunny/parser/parser.go:225.39,227.3 1 1
github.com/yassinebenaid/bunny/parser/parser.go:229.2,232.39 3 1
github.com/yassinebenaid/bunny/parser/parser.go:232.39,234.3 1 1
github.com/yassinebenaid/bunny/parser/parser.go:236.2,236.23 1 1
github.com/yassinebenaid/bunny/parser/parser.go:239.47,242.39 2 1
github.com/yassinebenaid/bunny/parser/parser.go:242.39,244.3 1 1
github.com/yassinebenaid/bunny/parser/parser.go:246.2,249.6 2 1
github.com/yassinebenaid/bunny/parser/parser.go:249.6,250.22 1 1
github.com/yassinebenaid/bunny/parser/parser.go:251.38,252.14 1 1
github.com/yassinebenaid/bunny/parser/parser.go:253.27,254.56 1 1
github.com/yassinebenaid/bunny/parser/parser.go:255.31,256.50 1 1
github.com/yassinebenaid/bunny/parser/parser.go:257.11,258.51 1 1
github.com/yassinebenaid/bunny/parser/parser.go:261.3,261.14 1 1
github.com/yassinebenaid/bunny/parser/parser.go:264.2,264.39 1 1
github.com/yassinebenaid/bunny/parser/parser.go:264.39,266.3 1 1
github.com/yassinebenaid/bunny/parser/parser.go:268.2,268.22 1 1
github.com/yassinebenaid/bunny/parser/parser.go:271.48,276.25 4 1
github.com/yassinebenaid/bunny/parser/parser.go:276.25,278.35 1 1
github.com/yassinebenaid/bunny/parser/parser.go:278.35,281.4 2 1
github.com/yassinebenaid/bunny/parser/parser.go:281.9,282.16 1 1
github.com/yassinebenaid/bunny/parser/parser.go:282.16,285.5 2 1
github.com/yassinebenaid/bunny/parser/parser.go:286.4,286.41 1 1
github.com/yassinebenaid/bunny/parser/parser.go:289.3,289.32 1 1
github.com/yassinebenaid/bunny/parser/parser.go:289.32,291.4 1 1
github.com/yassinebenaid/bunny/parser/parser.go:294.2,294.26 1 1
github.com/yassinebenaid/bunny/parser/parser.go:294.26,296.3 1 1
github.com/yassinebenaid/bunny/parser/parser.go:298.2,298.26 1 1
github.com/yassinebenaid/bunny/parser/parser.go:298.26,300.3 1 1
github.com/yassinebenaid/bunny/parser/parser.go:302.2,302.13 1 1
github.com/yassinebenaid/bunny/parser/parser.go:305.40,315.2 1 1
github.com/yassinebenaid/bunny/parser/redirection.go:8.44,9.21 1 1
github.com/yassinebenaid/bunny/parser/redirection.go:11.91,12.14 1 1
github.com/yassinebenaid/bunny/parser/redirection.go:13.17,15.22 1 1
github.com/yassinebenaid/bunny/parser/redirection.go:16.116,17.15 1 1
github.com/yassinebenaid/bunny/parser/redirection.go:21.2,21.14 1 1
github.com/yassinebenaid/bunny/parser/redirection.go:24.59,25.21 1 1
github.com/yassinebenaid/bunny/parser/redirection.go:26.68,27.19 1 1
github.com/yassinebenaid/bunny/parser/redirection.go:28.53,29.16 1 1
github.com/yassinebenaid/bunny/parser/redirection.go:30.53,31.25 1 1
github.com/yassinebenaid/bunny/parser/redirection.go:32.17,33.27 1 1
github.com/yassinebenaid/bunny/parser/redirection.go:37.52,43.32 5 1
github.com/yassinebenaid/bunny/parser/redirection.go:43.32,45.3 1 1
github.com/yassinebenaid/bunny/parser/redirection.go:47.2,49.18 2 1
github.com/yassinebenaid/bunny/parser/redirection.go:49.18,51.3 1 1
github.com/yassinebenaid/bunny/parser/redirection.go:52.2,52.22 1 1
github.com/yassinebenaid/bunny/parser/redirection.go:55.60,63.32 6 1
github.com/yassinebenaid/bunny/parser/redirection.go:63.32,65.3 1 1
github.com/yassinebenaid/bunny/parser/redirection.go:67.2,68.18 2 1
github.com/yassinebenaid/bunny/parser/redirection.go:68.18,70.3 1 1
github.com/yassinebenaid/bunny/parser/redirection.go:72.2,72.22 1 1
github.com/yassinebenaid/bunny/parser/redirection.go:75.58,80.32 4 1
github.com/yassinebenaid/bunny/parser/redirection.go:80.32,82.3 1 1
github.com/yassinebenaid/bunny/parser/redirection.go:84.2,85.18 2 1
github.com/yassinebenaid/bunny/parser/redirection.go:85.18,87.3 1 1
github.com/yassinebenaid/bunny/parser/redirection.go:88.2,88.22 1 1
github.com/yassinebenaid/bunny/parser/redirection.go:91.49,97.32 5 1
github.com/yassinebenaid/bunny/parser/redirection.go:97.32,99.3 1 1
github.com/yassinebenaid/bunny/parser/redirection.go:101.2,102.18 2 1
github.com/yassinebenaid/bunny/parser/redirection.go:102.18,104.3 1 1
github.com/yassinebenaid/bunny/parser/redirection.go:106.2,106.22 1 1
