mode: atomic
github.com/yassinebenaid/bunny/parser/arithmetics.go:50.63,53.32 2 103
github.com/yassinebenaid/bunny/parser/arithmetics.go:53.32,55.3 1 71
github.com/yassinebenaid/bunny/parser/arithmetics.go:57.2,59.77 2 103
github.com/yassinebenaid/bunny/parser/arithmetics.go:59.77,61.3 1 3
github.com/yassinebenaid/bunny/parser/arithmetics.go:62.2,64.13 2 103
github.com/yassinebenaid/bunny/parser/arithmetics.go:67.52,70.6 2 157
github.com/yassinebenaid/bunny/parser/arithmetics.go:70.6,73.33 2 212
github.com/yassinebenaid/bunny/parser/arithmetics.go:73.33,74.9 1 157
github.com/yassinebenaid/bunny/parser/arithmetics.go:76.3,76.14 1 55
github.com/yassinebenaid/bunny/parser/arithmetics.go:79.2,79.13 1 157
github.com/yassinebenaid/bunny/parser/arithmetics.go:82.75,83.32 1 495
github.com/yassinebenaid/bunny/parser/arithmetics.go:83.32,85.3 1 253
github.com/yassinebenaid/bunny/parser/arithmetics.go:87.2,89.32 2 495
github.com/yassinebenaid/bunny/parser/arithmetics.go:89.32,91.3 1 66
github.com/yassinebenaid/bunny/parser/arithmetics.go:93.2,93.43 1 495
github.com/yassinebenaid/bunny/parser/arithmetics.go:93.43,95.3 1 148
github.com/yassinebenaid/bunny/parser/arithmetics.go:97.2,99.12 2 495
github.com/yassinebenaid/bunny/parser/arithmetics.go:102.47,103.21 1 495
github.com/yassinebenaid/bunny/parser/arithmetics.go:104.17,107.13 3 74
github.com/yassinebenaid/bunny/parser/arithmetics.go:108.42,112.33 3 334
github.com/yassinebenaid/bunny/parser/arithmetics.go:112.33,114.4 1 220
github.com/yassinebenaid/bunny/parser/arithmetics.go:115.3,115.22 1 334
github.com/yassinebenaid/bunny/parser/arithmetics.go:116.41,118.15 2 10
github.com/yassinebenaid/bunny/parser/arithmetics.go:120.3,120.13 1 334
github.com/yassinebenaid/bunny/parser/arithmetics.go:121.33,124.13 3 1
github.com/yassinebenaid/bunny/parser/arithmetics.go:125.26,128.13 3 1
github.com/yassinebenaid/bunny/parser/arithmetics.go:129.40,136.13 4 15
github.com/yassinebenaid/bunny/parser/arithmetics.go:137.31,144.13 4 18
github.com/yassinebenaid/bunny/parser/arithmetics.go:145.25,148.13 3 7
github.com/yassinebenaid/bunny/parser/arithmetics.go:149.19,152.13 3 7
github.com/yassinebenaid/bunny/parser/arithmetics.go:153.24,157.39 3 11
github.com/yassinebenaid/bunny/parser/arithmetics.go:157.39,159.4 1 2
github.com/yassinebenaid/bunny/parser/arithmetics.go:160.3,161.13 2 11
github.com/yassinebenaid/bunny/parser/arithmetics.go:162.17,163.63 1 2
github.com/yassinebenaid/bunny/parser/arithmetics.go:164.10,165.70 1 25
github.com/yassinebenaid/bunny/parser/arithmetics.go:168.2,168.12 1 27
github.com/yassinebenaid/bunny/parser/arithmetics.go:171.65,182.2 5 148
github.com/yassinebenaid/bunny/parser/arithmetics.go:184.67,185.21 1 495
github.com/yassinebenaid/bunny/parser/arithmetics.go:186.22,191.33 4 21
github.com/yassinebenaid/bunny/parser/arithmetics.go:191.33,193.4 1 2
github.com/yassinebenaid/bunny/parser/arithmetics.go:195.3,197.13 3 21
github.com/yassinebenaid/bunny/parser/arithmetics.go:200.45,207.13 4 35
github.com/yassinebenaid/bunny/parser/arithmetics.go:208.10,209.14 1 439
github.com/yassinebenaid/bunny/parser/compounds.go:8.59,9.21 1 1471
github.com/yassinebenaid/bunny/parser/compounds.go:10.32,11.26 1 66
github.com/yassinebenaid/bunny/parser/compounds.go:12.17,13.24 1 46
github.com/yassinebenaid/bunny/parser/compounds.go:14.16,15.19 1 47
github.com/yassinebenaid/bunny/parser/compounds.go:16.18,17.21 1 35
github.com/yassinebenaid/bunny/parser/compounds.go:18.24,19.22 1 43
github.com/yassinebenaid/bunny/parser/compounds.go:20.24,21.25 1 21
github.com/yassinebenaid/bunny/parser/compounds.go:22.31,23.34 1 20
github.com/yassinebenaid/bunny/parser/compounds.go:24.33,25.28 1 77
github.com/yassinebenaid/bunny/parser/compounds.go:26.38,27.33 1 140
github.com/yassinebenaid/bunny/parser/compounds.go:28.86,30.14 2 11
github.com/yassinebenaid/bunny/parser/compounds.go:31.10,32.13 1 976
github.com/yassinebenaid/bunny/parser/compounds.go:36.49,41.65 5 66
github.com/yassinebenaid/bunny/parser/compounds.go:41.65,43.3 1 68
github.com/yassinebenaid/bunny/parser/compounds.go:45.2,45.87 1 66
github.com/yassinebenaid/bunny/parser/compounds.go:45.87,47.21 2 70
github.com/yassinebenaid/bunny/parser/compounds.go:47.21,49.4 1 8
github.com/yassinebenaid/bunny/parser/compounds.go:50.3,51.71 2 62
github.com/yassinebenaid/bunny/parser/compounds.go:51.71,53.4 1 52
github.com/yassinebenaid/bunny/parser/compounds.go:54.3,54.66 1 62
github.com/yassinebenaid/bunny/parser/compounds.go:54.66,56.4 1 62
github.com/yassinebenaid/bunny/parser/compounds.go:59.2,59.22 1 58
github.com/yassinebenaid/bunny/parser/compounds.go:59.22,61.3 1 6
github.com/yassinebenaid/bunny/parser/compounds.go:61.8,61.36 1 52
github.com/yassinebenaid/bunny/parser/compounds.go:61.36,63.3 1 2
github.com/yassinebenaid/bunny/parser/compounds.go:65.2,66.65 2 58
github.com/yassinebenaid/bunny/parser/compounds.go:66.65,68.3 1 58
github.com/yassinebenaid/bunny/parser/compounds.go:70.2,70.60 1 58
github.com/yassinebenaid/bunny/parser/compounds.go:70.60,72.21 2 58
github.com/yassinebenaid/bunny/parser/compounds.go:72.21,74.4 1 4
github.com/yassinebenaid/bunny/parser/compounds.go:75.3,76.71 2 54
github.com/yassinebenaid/bunny/parser/compounds.go:76.71,78.4 1 42
github.com/yassinebenaid/bunny/parser/compounds.go:79.3,79.66 1 54
github.com/yassinebenaid/bunny/parser/compounds.go:79.66,81.4 1 64
github.com/yassinebenaid/bunny/parser/compounds.go:84.2,84.22 1 54
github.com/yassinebenaid/bunny/parser/compounds.go:84.22,86.3 1 10
github.com/yassinebenaid/bunny/parser/compounds.go:86.8,86.38 1 44
github.com/yassinebenaid/bunny/parser/compounds.go:86.38,88.3 1 2
github.com/yassinebenaid/bunny/parser/compounds.go:90.2,93.6 2 54
github.com/yassinebenaid/bunny/parser/compounds.go:93.6,94.10 1 130
github.com/yassinebenaid/bunny/parser/compounds.go:95.35,96.15 1 48
github.com/yassinebenaid/bunny/parser/compounds.go:97.31,98.43 1 28
github.com/yassinebenaid/bunny/parser/compounds.go:99.11,100.14 1 54
github.com/yassinebenaid/bunny/parser/compounds.go:104.2,104.53 1 54
github.com/yassinebenaid/bunny/parser/compounds.go:104.53,106.3 1 4
github.com/yassinebenaid/bunny/parser/compounds.go:108.2,108.13 1 54
github.com/yassinebenaid/bunny/parser/compounds.go:111.47,119.33 7 46
github.com/yassinebenaid/bunny/parser/compounds.go:119.33,121.3 1 44
github.com/yassinebenaid/bunny/parser/compounds.go:122.2,122.44 1 46
github.com/yassinebenaid/bunny/parser/compounds.go:122.44,124.33 2 11
github.com/yassinebenaid/bunny/parser/compounds.go:124.33,126.4 1 5
github.com/yassinebenaid/bunny/parser/compounds.go:127.3,127.37 1 11
github.com/yassinebenaid/bunny/parser/compounds.go:127.37,129.4 1 8
github.com/yassinebenaid/bunny/parser/compounds.go:130.3,130.37 1 11
github.com/yassinebenaid/bunny/parser/compounds.go:130.37,132.4 1 2
github.com/yassinebenaid/bunny/parser/compounds.go:133.3,134.33 2 11
github.com/yassinebenaid/bunny/parser/compounds.go:134.33,136.4 1 5
github.com/yassinebenaid/bunny/parser/compounds.go:137.3,137.37 1 11
github.com/yassinebenaid/bunny/parser/compounds.go:137.37,139.4 1 8
github.com/yassinebenaid/bunny/parser/compounds.go:140.3,140.37 1 11
github.com/yassinebenaid/bunny/parser/compounds.go:140.37,142.4 1 3
github.com/yassinebenaid/bunny/parser/compounds.go:143.3,144.33 2 11
github.com/yassinebenaid/bunny/parser/compounds.go:144.33,146.4 1 8
github.com/yassinebenaid/bunny/parser/compounds.go:147.3,147.39 1 11
github.com/yassinebenaid/bunny/parser/compounds.go:147.39,149.4 1 7
github.com/yassinebenaid/bunny/parser/compounds.go:151.3,151.78 1 11
github.com/yassinebenaid/bunny/parser/compounds.go:151.78,153.4 1 4
github.com/yassinebenaid/bunny/parser/compounds.go:154.3,155.14 2 11
github.com/yassinebenaid/bunny/parser/compounds.go:156.8,158.32 1 35
github.com/yassinebenaid/bunny/parser/compounds.go:158.32,160.4 1 6
github.com/yassinebenaid/bunny/parser/compounds.go:161.3,163.33 3 35
github.com/yassinebenaid/bunny/parser/compounds.go:163.33,165.4 1 28
github.com/yassinebenaid/bunny/parser/compounds.go:167.3,167.30 1 35
github.com/yassinebenaid/bunny/parser/compounds.go:167.30,169.34 2 7
github.com/yassinebenaid/bunny/parser/compounds.go:169.34,171.5 1 6
github.com/yassinebenaid/bunny/parser/compounds.go:172.4,172.99 1 7
github.com/yassinebenaid/bunny/parser/compounds.go:172.99,174.22 2 15
github.com/yassinebenaid/bunny/parser/compounds.go:174.22,176.11 2 2
github.com/yassinebenaid/bunny/parser/compounds.go:178.5,179.35 2 13
github.com/yassinebenaid/bunny/parser/compounds.go:179.35,181.6 1 10
github.com/yassinebenaid/bunny/parser/compounds.go:183.4,183.27 1 7
github.com/yassinebenaid/bunny/parser/compounds.go:183.27,185.5 1 2
github.com/yassinebenaid/bunny/parser/compounds.go:189.2,189.36 1 46
github.com/yassinebenaid/bunny/parser/compounds.go:189.36,191.3 1 5
github.com/yassinebenaid/bunny/parser/compounds.go:192.2,192.65 1 46
github.com/yassinebenaid/bunny/parser/compounds.go:192.65,194.3 1 17
github.com/yassinebenaid/bunny/parser/compounds.go:196.2,196.29 1 46
github.com/yassinebenaid/bunny/parser/compounds.go:196.29,198.3 1 15
github.com/yassinebenaid/bunny/parser/compounds.go:199.2,200.65 2 46
github.com/yassinebenaid/bunny/parser/compounds.go:200.65,202.3 1 36
github.com/yassinebenaid/bunny/parser/compounds.go:204.2,204.60 1 46
github.com/yassinebenaid/bunny/parser/compounds.go:204.60,206.21 2 44
github.com/yassinebenaid/bunny/parser/compounds.go:206.21,208.4 1 7
github.com/yassinebenaid/bunny/parser/compounds.go:209.3,210.71 2 37
github.com/yassinebenaid/bunny/parser/compounds.go:210.71,212.4 1 31
github.com/yassinebenaid/bunny/parser/compounds.go:213.3,213.66 1 37
github.com/yassinebenaid/bunny/parser/compounds.go:213.66,215.4 1 28
github.com/yassinebenaid/bunny/parser/compounds.go:218.2,218.21 1 39
github.com/yassinebenaid/bunny/parser/compounds.go:218.21,220.3 1 6
github.com/yassinebenaid/bunny/parser/compounds.go:220.8,220.38 1 33
github.com/yassinebenaid/bunny/parser/compounds.go:220.38,222.3 1 4
github.com/yassinebenaid/bunny/parser/compounds.go:224.2,227.6 2 39
github.com/yassinebenaid/bunny/parser/compounds.go:227.6,228.10 1 73
github.com/yassinebenaid/bunny/parser/compounds.go:229.35,230.15 1 20
github.com/yassinebenaid/bunny/parser/compounds.go:231.31,232.42 1 14
github.com/yassinebenaid/bunny/parser/compounds.go:233.11,234.14 1 39
github.com/yassinebenaid/bunny/parser/compounds.go:238.2,238.53 1 39
github.com/yassinebenaid/bunny/parser/compounds.go:238.53,240.3 1 2
github.com/yassinebenaid/bunny/parser/compounds.go:242.2,242.19 1 39
github.com/yassinebenaid/bunny/parser/compounds.go:242.19,248.3 1 9
github.com/yassinebenaid/bunny/parser/compounds.go:250.2,255.3 1 30
github.com/yassinebenaid/bunny/parser/compounds.go:258.42,261.65 3 47
github.com/yassinebenaid/bunny/parser/compounds.go:261.65,263.3 1 49
github.com/yassinebenaid/bunny/parser/compounds.go:265.2,265.87 1 47
github.com/yassinebenaid/bunny/parser/compounds.go:265.87,267.21 2 44
github.com/yassinebenaid/bunny/parser/compounds.go:267.21,269.4 1 4
github.com/yassinebenaid/bunny/parser/compounds.go:270.3,271.71 2 40
github.com/yassinebenaid/bunny/parser/compounds.go:271.71,273.4 1 38
github.com/yassinebenaid/bunny/parser/compounds.go:274.3,274.66 1 40
github.com/yassinebenaid/bunny/parser/compounds.go:274.66,276.4 1 37
github.com/yassinebenaid/bunny/parser/compounds.go:279.2,279.22 1 43
github.com/yassinebenaid/bunny/parser/compounds.go:279.22,281.3 1 3
github.com/yassinebenaid/bunny/parser/compounds.go:281.8,281.38 1 40
github.com/yassinebenaid/bunny/parser/compounds.go:281.38,283.3 1 1
github.com/yassinebenaid/bunny/parser/compounds.go:285.2,286.65 2 43
github.com/yassinebenaid/bunny/parser/compounds.go:286.65,288.3 1 45
github.com/yassinebenaid/bunny/parser/compounds.go:290.2,290.116 1 43
github.com/yassinebenaid/bunny/parser/compounds.go:290.116,292.21 2 38
github.com/yassinebenaid/bunny/parser/compounds.go:292.21,294.4 1 2
github.com/yassinebenaid/bunny/parser/compounds.go:295.3,296.71 2 36
github.com/yassinebenaid/bunny/parser/compounds.go:296.71,298.4 1 33
github.com/yassinebenaid/bunny/parser/compounds.go:299.3,299.66 1 36
github.com/yassinebenaid/bunny/parser/compounds.go:299.66,301.4 1 36
github.com/yassinebenaid/bunny/parser/compounds.go:304.2,304.22 1 41
github.com/yassinebenaid/bunny/parser/compounds.go:304.22,306.3 1 5
github.com/yassinebenaid/bunny/parser/compounds.go:308.2,308.32 1 41
github.com/yassinebenaid/bunny/parser/compounds.go:308.32,310.66 2 11
github.com/yassinebenaid/bunny/parser/compounds.go:310.66,312.4 1 11
github.com/yassinebenaid/bunny/parser/compounds.go:314.3,316.88 2 11
github.com/yassinebenaid/bunny/parser/compounds.go:316.88,318.22 2 10
github.com/yassinebenaid/bunny/parser/compounds.go:318.22,320.5 1 2
github.com/yassinebenaid/bunny/parser/compounds.go:321.4,322.72 2 8
github.com/yassinebenaid/bunny/parser/compounds.go:322.72,324.5 1 8
github.com/yassinebenaid/bunny/parser/compounds.go:325.4,325.67 1 8
github.com/yassinebenaid/bunny/parser/compounds.go:325.67,327.5 1 6
github.com/yassinebenaid/bunny/parser/compounds.go:330.3,330.23 1 9
github.com/yassinebenaid/bunny/parser/compounds.go:330.23,332.4 1 1
github.com/yassinebenaid/bunny/parser/compounds.go:332.9,332.39 1 8
github.com/yassinebenaid/bunny/parser/compounds.go:332.39,334.4 1 1
github.com/yassinebenaid/bunny/parser/compounds.go:336.3,337.66 2 9
github.com/yassinebenaid/bunny/parser/compounds.go:337.66,339.4 1 10
github.com/yassinebenaid/bunny/parser/compounds.go:341.3,341.117 1 9
github.com/yassinebenaid/bunny/parser/compounds.go:341.117,343.22 2 6
github.com/yassinebenaid/bunny/parser/compounds.go:343.22,345.5 1 2
github.com/yassinebenaid/bunny/parser/compounds.go:346.4,347.72 2 4
github.com/yassinebenaid/bunny/parser/compounds.go:347.72,349.5 1 4
github.com/yassinebenaid/bunny/parser/compounds.go:350.4,350.67 1 4
github.com/yassinebenaid/bunny/parser/compounds.go:350.67,352.5 1 7
github.com/yassinebenaid/bunny/parser/compounds.go:355.3,355.23 1 7
github.com/yassinebenaid/bunny/parser/compounds.go:355.23,357.4 1 3
github.com/yassinebenaid/bunny/parser/compounds.go:359.3,359.40 1 7
github.com/yassinebenaid/bunny/parser/compounds.go:362.2,362.31 1 37
github.com/yassinebenaid/bunny/parser/compounds.go:362.31,364.66 2 7
github.com/yassinebenaid/bunny/parser/compounds.go:364.66,366.4 1 8
github.com/yassinebenaid/bunny/parser/compounds.go:367.3,367.59 1 7
github.com/yassinebenaid/bunny/parser/compounds.go:367.59,369.22 2 6
github.com/yassinebenaid/bunny/parser/compounds.go:369.22,371.5 1 3
github.com/yassinebenaid/bunny/parser/compounds.go:372.4,373.72 2 3
github.com/yassinebenaid/bunny/parser/compounds.go:373.72,375.5 1 2
github.com/yassinebenaid/bunny/parser/compounds.go:376.4,376.67 1 3
github.com/yassinebenaid/bunny/parser/compounds.go:376.67,378.5 1 5
github.com/yassinebenaid/bunny/parser/compounds.go:380.3,380.28 1 4
github.com/yassinebenaid/bunny/parser/compounds.go:380.28,382.4 1 1
github.com/yassinebenaid/bunny/parser/compounds.go:385.2,385.29 1 34
github.com/yassinebenaid/bunny/parser/compounds.go:385.29,387.3 1 7
github.com/yassinebenaid/bunny/parser/compounds.go:389.2,392.6 2 34
github.com/yassinebenaid/bunny/parser/compounds.go:392.6,393.10 1 72
github.com/yassinebenaid/bunny/parser/compounds.go:394.35,395.15 1 24
github.com/yassinebenaid/bunny/parser/compounds.go:396.31,397.43 1 14
github.com/yassinebenaid/bunny/parser/compounds.go:398.11,399.14 1 34
github.com/yassinebenaid/bunny/parser/compounds.go:403.2,403.53 1 34
github.com/yassinebenaid/bunny/parser/compounds.go:403.53,405.3 1 2
github.com/yassinebenaid/bunny/parser/compounds.go:407.2,407.13 1 34
github.com/yassinebenaid/bunny/parser/compounds.go:410.44,413.32 3 35
github.com/yassinebenaid/bunny/parser/compounds.go:413.32,415.3 1 33
github.com/yassinebenaid/bunny/parser/compounds.go:417.2,418.22 2 35
github.com/yassinebenaid/bunny/parser/compounds.go:418.22,420.3 1 2
github.com/yassinebenaid/bunny/parser/compounds.go:422.2,422.65 1 35
github.com/yassinebenaid/bunny/parser/compounds.go:422.65,424.3 1 34
github.com/yassinebenaid/bunny/parser/compounds.go:426.2,426.29 1 35
github.com/yassinebenaid/bunny/parser/compounds.go:426.29,428.3 1 4
github.com/yassinebenaid/bunny/parser/compounds.go:429.2,430.65 2 35
github.com/yassinebenaid/bunny/parser/compounds.go:430.65,432.3 1 39
github.com/yassinebenaid/bunny/parser/compounds.go:434.2,434.60 1 35
github.com/yassinebenaid/bunny/parser/compounds.go:434.60,436.38 2 37
github.com/yassinebenaid/bunny/parser/compounds.go:436.38,438.4 1 4
github.com/yassinebenaid/bunny/parser/compounds.go:440.3,440.7 1 37
github.com/yassinebenaid/bunny/parser/compounds.go:440.7,442.22 2 43
github.com/yassinebenaid/bunny/parser/compounds.go:442.22,444.5 1 3
github.com/yassinebenaid/bunny/parser/compounds.go:445.4,447.34 2 43
github.com/yassinebenaid/bunny/parser/compounds.go:447.34,449.5 1 11
github.com/yassinebenaid/bunny/parser/compounds.go:450.4,450.33 1 43
github.com/yassinebenaid/bunny/parser/compounds.go:450.33,451.10 1 37
github.com/yassinebenaid/bunny/parser/compounds.go:453.4,454.34 2 6
github.com/yassinebenaid/bunny/parser/compounds.go:454.34,456.5 1 4
github.com/yassinebenaid/bunny/parser/compounds.go:459.3,459.39 1 37
github.com/yassinebenaid/bunny/parser/compounds.go:459.39,461.4 1 3
github.com/yassinebenaid/bunny/parser/compounds.go:462.3,463.66 2 37
github.com/yassinebenaid/bunny/parser/compounds.go:463.66,465.4 1 44
github.com/yassinebenaid/bunny/parser/compounds.go:467.3,467.7 1 37
github.com/yassinebenaid/bunny/parser/compounds.go:467.7,468.61 1 52
github.com/yassinebenaid/bunny/parser/compounds.go:468.61,469.10 1 8
github.com/yassinebenaid/bunny/parser/compounds.go:471.4,472.22 2 44
github.com/yassinebenaid/bunny/parser/compounds.go:472.22,474.5 1 1
github.com/yassinebenaid/bunny/parser/compounds.go:475.4,480.36 2 43
github.com/yassinebenaid/bunny/parser/compounds.go:480.36,482.5 1 4
github.com/yassinebenaid/bunny/parser/compounds.go:483.4,483.67 1 43
github.com/yassinebenaid/bunny/parser/compounds.go:483.67,485.5 1 30
github.com/yassinebenaid/bunny/parser/compounds.go:487.4,487.72 1 43
github.com/yassinebenaid/bunny/parser/compounds.go:487.72,492.68 4 2
github.com/yassinebenaid/bunny/parser/compounds.go:492.68,494.6 1 4
github.com/yassinebenaid/bunny/parser/compounds.go:496.5,496.10 1 2
github.com/yassinebenaid/bunny/parser/compounds.go:499.4,499.72 1 41
github.com/yassinebenaid/bunny/parser/compounds.go:499.72,504.39 4 26
github.com/yassinebenaid/bunny/parser/compounds.go:504.39,507.6 2 2
github.com/yassinebenaid/bunny/parser/compounds.go:508.5,508.68 1 26
github.com/yassinebenaid/bunny/parser/compounds.go:508.68,510.6 1 32
github.com/yassinebenaid/bunny/parser/compounds.go:512.5,512.10 1 26
github.com/yassinebenaid/bunny/parser/compounds.go:515.3,515.40 1 36
github.com/yassinebenaid/bunny/parser/compounds.go:518.2,518.31 1 34
github.com/yassinebenaid/bunny/parser/compounds.go:518.31,520.3 1 6
github.com/yassinebenaid/bunny/parser/compounds.go:521.2,524.6 2 34
github.com/yassinebenaid/bunny/parser/compounds.go:524.6,525.10 1 70
github.com/yassinebenaid/bunny/parser/compounds.go:526.35,527.15 1 22
github.com/yassinebenaid/bunny/parser/compounds.go:528.31,529.43 1 14
github.com/yassinebenaid/bunny/parser/compounds.go:530.11,531.14 1 34
github.com/yassinebenaid/bunny/parser/compounds.go:535.2,535.53 1 34
github.com/yassinebenaid/bunny/parser/compounds.go:535.53,537.3 1 2
github.com/yassinebenaid/bunny/parser/compounds.go:539.2,539.13 1 34
github.com/yassinebenaid/bunny/parser/compounds.go:542.45,545.65 3 43
github.com/yassinebenaid/bunny/parser/compounds.go:545.65,547.3 1 20
github.com/yassinebenaid/bunny/parser/compounds.go:549.2,549.67 1 43
github.com/yassinebenaid/bunny/parser/compounds.go:549.67,550.32 1 55
github.com/yassinebenaid/bunny/parser/compounds.go:550.32,551.65 1 5
github.com/yassinebenaid/bunny/parser/compounds.go:551.65,553.5 1 11
github.com/yassinebenaid/bunny/parser/compounds.go:554.9,556.22 2 50
github.com/yassinebenaid/bunny/parser/compounds.go:556.22,558.5 1 2
github.com/yassinebenaid/bunny/parser/compounds.go:559.4,561.72 2 48
github.com/yassinebenaid/bunny/parser/compounds.go:561.72,563.5 1 39
github.com/yassinebenaid/bunny/parser/compounds.go:566.3,566.66 1 53
github.com/yassinebenaid/bunny/parser/compounds.go:566.66,568.4 1 45
github.com/yassinebenaid/bunny/parser/compounds.go:571.2,571.26 1 41
github.com/yassinebenaid/bunny/parser/compounds.go:571.26,573.3 1 2
github.com/yassinebenaid/bunny/parser/compounds.go:575.2,575.38 1 41
github.com/yassinebenaid/bunny/parser/compounds.go:575.38,577.3 1 3
github.com/yassinebenaid/bunny/parser/compounds.go:579.2,582.6 2 41
github.com/yassinebenaid/bunny/parser/compounds.go:582.6,583.10 1 81
github.com/yassinebenaid/bunny/parser/compounds.go:584.35,585.15 1 24
github.com/yassinebenaid/bunny/parser/compounds.go:586.31,587.44 1 16
github.com/yassinebenaid/bunny/parser/compounds.go:588.11,589.14 1 41
github.com/yassinebenaid/bunny/parser/compounds.go:593.2,593.53 1 41
github.com/yassinebenaid/bunny/parser/compounds.go:593.53,595.3 1 2
github.com/yassinebenaid/bunny/parser/compounds.go:597.2,597.14 1 41
github.com/yassinebenaid/bunny/parser/compounds.go:600.48,603.65 3 21
github.com/yassinebenaid/bunny/parser/compounds.go:603.65,605.3 1 6
github.com/yassinebenaid/bunny/parser/compounds.go:607.2,607.67 1 21
github.com/yassinebenaid/bunny/parser/compounds.go:607.67,608.32 1 34
github.com/yassinebenaid/bunny/parser/compounds.go:608.32,609.65 1 5
github.com/yassinebenaid/bunny/parser/compounds.go:609.65,611.5 1 11
github.com/yassinebenaid/bunny/parser/compounds.go:612.9,614.22 2 29
github.com/yassinebenaid/bunny/parser/compounds.go:614.22,616.5 1 2
github.com/yassinebenaid/bunny/parser/compounds.go:617.4,618.72 2 27
github.com/yassinebenaid/bunny/parser/compounds.go:618.72,620.5 1 10
github.com/yassinebenaid/bunny/parser/compounds.go:622.3,622.66 1 32
github.com/yassinebenaid/bunny/parser/compounds.go:622.66,624.4 1 28
github.com/yassinebenaid/bunny/parser/compounds.go:627.2,627.26 1 19
github.com/yassinebenaid/bunny/parser/compounds.go:627.26,629.3 1 2
github.com/yassinebenaid/bunny/parser/compounds.go:631.2,631.38 1 19
github.com/yassinebenaid/bunny/parser/compounds.go:631.38,633.3 1 2
github.com/yassinebenaid/bunny/parser/compounds.go:635.2,638.6 2 19
github.com/yassinebenaid/bunny/parser/compounds.go:638.6,639.10 1 52
github.com/yassinebenaid/bunny/parser/compounds.go:640.35,641.15 1 19
github.com/yassinebenaid/bunny/parser/compounds.go:642.31,643.44 1 14
github.com/yassinebenaid/bunny/parser/compounds.go:644.11,645.14 1 19
github.com/yassinebenaid/bunny/parser/compounds.go:649.2,649.53 1 19
github.com/yassinebenaid/bunny/parser/compounds.go:649.53,651.3 1 2
github.com/yassinebenaid/bunny/parser/compounds.go:653.2,653.14 1 19
github.com/yassinebenaid/bunny/parser/compounds.go:656.57,658.33 2 20
github.com/yassinebenaid/bunny/parser/compounds.go:658.33,660.3 1 12
github.com/yassinebenaid/bunny/parser/compounds.go:662.2,665.77 3 20
github.com/yassinebenaid/bunny/parser/compounds.go:665.77,667.3 1 3
github.com/yassinebenaid/bunny/parser/compounds.go:668.2,672.6 3 20
github.com/yassinebenaid/bunny/parser/compounds.go:672.6,673.10 1 52
github.com/yassinebenaid/bunny/parser/compounds.go:674.35,675.15 1 18
github.com/yassinebenaid/bunny/parser/compounds.go:676.31,677.43 1 14
github.com/yassinebenaid/bunny/parser/compounds.go:678.11,679.14 1 20
github.com/yassinebenaid/bunny/parser/compounds.go:683.2,683.53 1 20
github.com/yassinebenaid/bunny/parser/compounds.go:683.53,685.3 1 2
github.com/yassinebenaid/bunny/parser/compounds.go:687.2,687.13 1 20
github.com/yassinebenaid/bunny/parser/conditionals.go:8.51,10.65 2 77
github.com/yassinebenaid/bunny/parser/conditionals.go:10.65,12.3 1 77
github.com/yassinebenaid/bunny/parser/conditionals.go:13.2,13.47 1 77
github.com/yassinebenaid/bunny/parser/conditionals.go:13.47,15.3 1 2
github.com/yassinebenaid/bunny/parser/conditionals.go:16.2,18.17 2 77
github.com/yassinebenaid/bunny/parser/conditionals.go:18.17,20.3 1 3
github.com/yassinebenaid/bunny/parser/conditionals.go:21.2,21.65 1 77
github.com/yassinebenaid/bunny/parser/conditionals.go:21.65,23.3 1 4
github.com/yassinebenaid/bunny/parser/conditionals.go:25.2,25.47 1 77
github.com/yassinebenaid/bunny/parser/conditionals.go:25.47,27.3 1 11
github.com/yassinebenaid/bunny/parser/conditionals.go:28.2,30.29 2 77
github.com/yassinebenaid/bunny/parser/conditionals.go:33.56,37.32 3 140
github.com/yassinebenaid/bunny/parser/conditionals.go:37.32,39.3 1 137
github.com/yassinebenaid/bunny/parser/conditionals.go:40.2,40.40 1 140
github.com/yassinebenaid/bunny/parser/conditionals.go:40.40,42.3 1 2
github.com/yassinebenaid/bunny/parser/conditionals.go:43.2,44.17 2 140
github.com/yassinebenaid/bunny/parser/conditionals.go:44.17,46.3 1 6
github.com/yassinebenaid/bunny/parser/conditionals.go:48.2,48.56 1 140
github.com/yassinebenaid/bunny/parser/conditionals.go:48.56,50.3 1 10
github.com/yassinebenaid/bunny/parser/conditionals.go:50.8,50.77 1 130
github.com/yassinebenaid/bunny/parser/conditionals.go:50.77,52.3 1 1
github.com/yassinebenaid/bunny/parser/conditionals.go:53.2,55.29 2 140
github.com/yassinebenaid/bunny/parser/conditionals.go:58.66,60.38 2 126
github.com/yassinebenaid/bunny/parser/conditionals.go:60.38,62.33 2 18
github.com/yassinebenaid/bunny/parser/conditionals.go:62.33,64.4 1 8
github.com/yassinebenaid/bunny/parser/conditionals.go:65.3,66.48 2 18
github.com/yassinebenaid/bunny/parser/conditionals.go:66.48,68.4 1 17
github.com/yassinebenaid/bunny/parser/conditionals.go:69.3,69.25 1 18
github.com/yassinebenaid/bunny/parser/conditionals.go:69.25,71.4 1 1
github.com/yassinebenaid/bunny/parser/conditionals.go:72.3,72.13 1 18
github.com/yassinebenaid/bunny/parser/conditionals.go:73.8,73.44 1 108
github.com/yassinebenaid/bunny/parser/conditionals.go:73.44,75.33 2 7
github.com/yassinebenaid/bunny/parser/conditionals.go:75.33,77.4 1 2
github.com/yassinebenaid/bunny/parser/conditionals.go:78.3,78.48 1 7
github.com/yassinebenaid/bunny/parser/conditionals.go:78.48,80.4 1 6
github.com/yassinebenaid/bunny/parser/conditionals.go:81.3,81.18 1 7
github.com/yassinebenaid/bunny/parser/conditionals.go:81.18,83.4 1 1
github.com/yassinebenaid/bunny/parser/conditionals.go:84.3,84.39 1 7
github.com/yassinebenaid/bunny/parser/conditionals.go:84.39,86.4 1 2
github.com/yassinebenaid/bunny/parser/conditionals.go:87.3,88.33 2 7
github.com/yassinebenaid/bunny/parser/conditionals.go:88.33,90.4 1 7
github.com/yassinebenaid/bunny/parser/conditionals.go:91.8,93.3 1 101
github.com/yassinebenaid/bunny/parser/conditionals.go:95.2,95.71 1 126
github.com/yassinebenaid/bunny/parser/conditionals.go:95.71,98.66 3 27
github.com/yassinebenaid/bunny/parser/conditionals.go:98.66,100.4 1 28
github.com/yassinebenaid/bunny/parser/conditionals.go:102.3,103.48 2 27
github.com/yassinebenaid/bunny/parser/conditionals.go:103.48,105.4 1 26
github.com/yassinebenaid/bunny/parser/conditionals.go:106.3,106.23 1 27
github.com/yassinebenaid/bunny/parser/conditionals.go:106.23,108.4 1 1
github.com/yassinebenaid/bunny/parser/conditionals.go:109.3,109.13 1 27
github.com/yassinebenaid/bunny/parser/conditionals.go:112.2,112.13 1 126
github.com/yassinebenaid/bunny/parser/conditionals.go:115.71,117.38 2 235
github.com/yassinebenaid/bunny/parser/conditionals.go:117.38,119.33 2 34
github.com/yassinebenaid/bunny/parser/conditionals.go:119.33,121.4 1 14
github.com/yassinebenaid/bunny/parser/conditionals.go:122.3,123.41 2 34
github.com/yassinebenaid/bunny/parser/conditionals.go:123.41,125.4 1 33
github.com/yassinebenaid/bunny/parser/conditionals.go:126.3,126.25 1 34
github.com/yassinebenaid/bunny/parser/conditionals.go:126.25,128.4 1 2
github.com/yassinebenaid/bunny/parser/conditionals.go:129.3,129.13 1 34
github.com/yassinebenaid/bunny/parser/conditionals.go:130.8,130.44 1 201
github.com/yassinebenaid/bunny/parser/conditionals.go:130.44,132.33 2 12
github.com/yassinebenaid/bunny/parser/conditionals.go:132.33,134.4 1 2
github.com/yassinebenaid/bunny/parser/conditionals.go:135.3,135.41 1 12
github.com/yassinebenaid/bunny/parser/conditionals.go:135.41,137.4 1 11
github.com/yassinebenaid/bunny/parser/conditionals.go:138.3,138.18 1 12
github.com/yassinebenaid/bunny/parser/conditionals.go:138.18,140.4 1 2
github.com/yassinebenaid/bunny/parser/conditionals.go:141.3,141.39 1 12
github.com/yassinebenaid/bunny/parser/conditionals.go:141.39,143.4 1 4
github.com/yassinebenaid/bunny/parser/conditionals.go:144.3,145.33 2 12
github.com/yassinebenaid/bunny/parser/conditionals.go:145.33,147.4 1 6
github.com/yassinebenaid/bunny/parser/conditionals.go:148.8,150.3 1 189
github.com/yassinebenaid/bunny/parser/conditionals.go:152.2,152.14 1 235
github.com/yassinebenaid/bunny/parser/conditionals.go:152.14,154.21 2 203
github.com/yassinebenaid/bunny/parser/conditionals.go:154.21,155.9 1 151
github.com/yassinebenaid/bunny/parser/conditionals.go:157.3,157.23 1 52
github.com/yassinebenaid/bunny/parser/conditionals.go:157.23,159.4 1 28
github.com/yassinebenaid/bunny/parser/conditionals.go:159.9,161.4 1 24
github.com/yassinebenaid/bunny/parser/conditionals.go:163.3,164.86 2 52
github.com/yassinebenaid/bunny/parser/conditionals.go:164.86,166.4 1 51
github.com/yassinebenaid/bunny/parser/conditionals.go:167.3,167.23 1 52
github.com/yassinebenaid/bunny/parser/conditionals.go:167.23,169.4 1 2
github.com/yassinebenaid/bunny/parser/conditionals.go:170.3,170.13 1 52
github.com/yassinebenaid/bunny/parser/conditionals.go:173.2,173.13 1 235
github.com/yassinebenaid/bunny/parser/conditionals.go:176.53,177.50 1 290
github.com/yassinebenaid/bunny/parser/conditionals.go:177.50,178.33 1 120
github.com/yassinebenaid/bunny/parser/conditionals.go:178.33,180.4 1 85
github.com/yassinebenaid/bunny/parser/conditionals.go:181.3,181.13 1 120
github.com/yassinebenaid/bunny/parser/conditionals.go:184.2,186.32 2 170
github.com/yassinebenaid/bunny/parser/conditionals.go:186.32,188.3 1 138
github.com/yassinebenaid/bunny/parser/conditionals.go:190.2,191.20 2 170
github.com/yassinebenaid/bunny/parser/conditionals.go:191.20,193.3 1 97
github.com/yassinebenaid/bunny/parser/conditionals.go:195.2,197.85 2 73
github.com/yassinebenaid/bunny/parser/conditionals.go:197.85,198.23 1 71
github.com/yassinebenaid/bunny/parser/conditionals.go:198.23,200.4 1 1
github.com/yassinebenaid/bunny/parser/conditionals.go:200.9,202.4 1 70
github.com/yassinebenaid/bunny/parser/conditionals.go:205.2,205.22 1 73
github.com/yassinebenaid/bunny/parser/conditionals.go:205.22,207.3 1 6
github.com/yassinebenaid/bunny/parser/conditionals.go:209.2,209.32 1 73
github.com/yassinebenaid/bunny/parser/conditionals.go:209.32,211.3 1 53
github.com/yassinebenaid/bunny/parser/conditionals.go:213.2,213.12 1 73
github.com/yassinebenaid/bunny/parser/conditionals.go:216.57,217.32 1 290
github.com/yassinebenaid/bunny/parser/conditionals.go:217.32,218.25 1 123
github.com/yassinebenaid/bunny/parser/conditionals.go:220.63,221.35 1 123
github.com/yassinebenaid/bunny/parser/conditionals.go:221.35,222.10 1 3
github.com/yassinebenaid/bunny/parser/conditionals.go:225.4,232.87 5 120
github.com/yassinebenaid/bunny/parser/conditionals.go:232.87,234.5 1 118
github.com/yassinebenaid/bunny/parser/conditionals.go:235.4,235.24 1 120
github.com/yassinebenaid/bunny/parser/conditionals.go:235.24,237.5 1 3
github.com/yassinebenaid/bunny/parser/conditionals.go:238.4,238.12 1 120
github.com/yassinebenaid/bunny/parser/conditionals.go:242.2,242.12 1 170
github.com/yassinebenaid/bunny/parser/conditionals.go:245.58,246.21 1 170
github.com/yassinebenaid/bunny/parser/conditionals.go:247.80,248.33 1 23
github.com/yassinebenaid/bunny/parser/conditionals.go:248.33,249.9 1 1
github.com/yassinebenaid/bunny/parser/conditionals.go:252.3,256.18 4 22
github.com/yassinebenaid/bunny/parser/conditionals.go:257.19,258.25 1 73
github.com/yassinebenaid/bunny/parser/conditionals.go:259.25,260.35 1 52
github.com/yassinebenaid/bunny/parser/conditionals.go:260.35,261.10 1 1
github.com/yassinebenaid/bunny/parser/conditionals.go:264.4,269.19 5 51
github.com/yassinebenaid/bunny/parser/conditionals.go:273.2,273.11 1 97
github.com/yassinebenaid/bunny/parser/conditionals.go:276.63,277.32 1 203
github.com/yassinebenaid/bunny/parser/conditionals.go:277.32,278.25 1 53
github.com/yassinebenaid/bunny/parser/conditionals.go:279.17,280.35 1 53
github.com/yassinebenaid/bunny/parser/conditionals.go:280.35,281.10 1 1
github.com/yassinebenaid/bunny/parser/conditionals.go:284.4,289.19 5 52
github.com/yassinebenaid/bunny/parser/conditionals.go:292.2,292.11 1 151
github.com/yassinebenaid/bunny/parser/conditionals.go:295.58,299.6 2 1
github.com/yassinebenaid/bunny/parser/conditionals.go:299.6,300.22 1 21
github.com/yassinebenaid/bunny/parser/conditionals.go:301.46,302.14 1 1
github.com/yassinebenaid/bunny/parser/conditionals.go:303.31,304.50 1 0
github.com/yassinebenaid/bunny/parser/conditionals.go:305.27,306.49 1 0
github.com/yassinebenaid/bunny/parser/conditionals.go:307.27,308.42 1 0
github.com/yassinebenaid/bunny/parser/conditionals.go:309.27,310.55 1 0
github.com/yassinebenaid/bunny/parser/conditionals.go:311.39,312.55 1 0
github.com/yassinebenaid/bunny/parser/conditionals.go:313.27,314.54 1 0
github.com/yassinebenaid/bunny/parser/conditionals.go:315.11,316.51 1 20
github.com/yassinebenaid/bunny/parser/conditionals.go:319.3,319.14 1 20
github.com/yassinebenaid/bunny/parser/conditionals.go:322.2,322.29 1 1
github.com/yassinebenaid/bunny/parser/expansion.go:8.60,11.65 3 20
github.com/yassinebenaid/bunny/parser/expansion.go:11.65,13.3 1 6
github.com/yassinebenaid/bunny/parser/expansion.go:15.2,15.67 1 20
github.com/yassinebenaid/bunny/parser/expansion.go:15.67,16.32 1 32
github.com/yassinebenaid/bunny/parser/expansion.go:16.32,17.65 1 5
github.com/yassinebenaid/bunny/parser/expansion.go:17.65,19.5 1 11
github.com/yassinebenaid/bunny/parser/expansion.go:20.9,22.22 2 27
github.com/yassinebenaid/bunny/parser/expansion.go:22.22,24.5 1 2
github.com/yassinebenaid/bunny/parser/expansion.go:25.4,26.72 2 25
github.com/yassinebenaid/bunny/parser/expansion.go:26.72,28.5 1 9
github.com/yassinebenaid/bunny/parser/expansion.go:30.3,30.66 1 30
github.com/yassinebenaid/bunny/parser/expansion.go:30.66,32.4 1 28
github.com/yassinebenaid/bunny/parser/expansion.go:35.2,35.20 1 18
github.com/yassinebenaid/bunny/parser/expansion.go:35.20,37.3 1 2
github.com/yassinebenaid/bunny/parser/expansion.go:39.2,39.38 1 18
github.com/yassinebenaid/bunny/parser/expansion.go:39.38,41.3 1 2
github.com/yassinebenaid/bunny/parser/expansion.go:43.2,43.13 1 18
github.com/yassinebenaid/bunny/parser/expansion.go:46.60,51.17 4 38
github.com/yassinebenaid/bunny/parser/expansion.go:51.17,53.3 1 20
github.com/yassinebenaid/bunny/parser/expansion.go:55.2,56.65 2 38
github.com/yassinebenaid/bunny/parser/expansion.go:56.65,58.3 1 12
github.com/yassinebenaid/bunny/parser/expansion.go:60.2,60.67 1 38
github.com/yassinebenaid/bunny/parser/expansion.go:60.67,61.32 1 56
github.com/yassinebenaid/bunny/parser/expansion.go:61.32,62.65 1 5
github.com/yassinebenaid/bunny/parser/expansion.go:62.65,64.5 1 11
github.com/yassinebenaid/bunny/parser/expansion.go:65.9,67.22 2 51
github.com/yassinebenaid/bunny/parser/expansion.go:67.22,69.5 1 4
github.com/yassinebenaid/bunny/parser/expansion.go:70.4,71.72 2 47
github.com/yassinebenaid/bunny/parser/expansion.go:71.72,73.5 1 18
github.com/yassinebenaid/bunny/parser/expansion.go:75.3,75.66 1 52
github.com/yassinebenaid/bunny/parser/expansion.go:75.66,77.4 1 39
github.com/yassinebenaid/bunny/parser/expansion.go:80.2,80.28 1 34
github.com/yassinebenaid/bunny/parser/expansion.go:80.28,82.3 1 4
github.com/yassinebenaid/bunny/parser/expansion.go:84.2,84.38 1 34
github.com/yassinebenaid/bunny/parser/expansion.go:84.38,86.3 1 4
github.com/yassinebenaid/bunny/parser/expansion.go:88.2,88.16 1 34
github.com/yassinebenaid/bunny/parser/expansion.go:91.59,95.31 3 132
github.com/yassinebenaid/bunny/parser/expansion.go:95.31,99.39 3 5
github.com/yassinebenaid/bunny/parser/expansion.go:99.39,101.4 1 2
github.com/yassinebenaid/bunny/parser/expansion.go:102.3,102.13 1 5
github.com/yassinebenaid/bunny/parser/expansion.go:105.2,107.21 2 127
github.com/yassinebenaid/bunny/parser/expansion.go:108.25,109.25 1 26
github.com/yassinebenaid/bunny/parser/expansion.go:109.25,111.4 1 2
github.com/yassinebenaid/bunny/parser/expansion.go:111.9,113.4 1 24
github.com/yassinebenaid/bunny/parser/expansion.go:114.38,121.4 3 9
github.com/yassinebenaid/bunny/parser/expansion.go:122.26,127.4 2 4
github.com/yassinebenaid/bunny/parser/expansion.go:128.28,133.4 2 4
github.com/yassinebenaid/bunny/parser/expansion.go:134.24,139.4 2 4
github.com/yassinebenaid/bunny/parser/expansion.go:140.82,147.4 3 16
github.com/yassinebenaid/bunny/parser/expansion.go:148.55,150.61 2 16
github.com/yassinebenaid/bunny/parser/expansion.go:150.61,153.4 2 4
github.com/yassinebenaid/bunny/parser/expansion.go:154.3,160.4 2 16
github.com/yassinebenaid/bunny/parser/expansion.go:161.19,164.94 3 27
github.com/yassinebenaid/bunny/parser/expansion.go:164.94,167.4 2 20
github.com/yassinebenaid/bunny/parser/expansion.go:169.3,170.33 2 27
github.com/yassinebenaid/bunny/parser/expansion.go:170.33,172.4 1 2
github.com/yassinebenaid/bunny/parser/expansion.go:172.9,174.4 1 25
github.com/yassinebenaid/bunny/parser/expansion.go:176.3,178.33 2 27
github.com/yassinebenaid/bunny/parser/expansion.go:178.33,181.4 2 19
github.com/yassinebenaid/bunny/parser/expansion.go:183.3,183.12 1 27
github.com/yassinebenaid/bunny/parser/expansion.go:184.19,188.33 3 4
github.com/yassinebenaid/bunny/parser/expansion.go:188.33,191.4 2 2
github.com/yassinebenaid/bunny/parser/expansion.go:193.3,193.14 1 4
github.com/yassinebenaid/bunny/parser/expansion.go:194.16,196.25 2 11
github.com/yassinebenaid/bunny/parser/expansion.go:197.57,197.57 0 10
github.com/yassinebenaid/bunny/parser/expansion.go:198.11,199.108 1 1
github.com/yassinebenaid/bunny/parser/expansion.go:201.3,202.14 2 11
github.com/yassinebenaid/bunny/parser/expansion.go:205.2,205.38 1 127
github.com/yassinebenaid/bunny/parser/expansion.go:205.38,207.3 1 7
github.com/yassinebenaid/bunny/parser/expansion.go:209.2,209.12 1 127
github.com/yassinebenaid/bunny/parser/expansion.go:212.89,216.6 2 97
github.com/yassinebenaid/bunny/parser/expansion.go:216.6,217.22 1 565
github.com/yassinebenaid/bunny/parser/expansion.go:218.37,219.14 1 80
github.com/yassinebenaid/bunny/parser/expansion.go:220.31,221.50 1 21
github.com/yassinebenaid/bunny/parser/expansion.go:222.27,223.49 1 1
github.com/yassinebenaid/bunny/parser/expansion.go:224.27,225.42 1 21
github.com/yassinebenaid/bunny/parser/expansion.go:226.27,227.55 1 1
github.com/yassinebenaid/bunny/parser/expansion.go:228.39,229.55 1 1
github.com/yassinebenaid/bunny/parser/expansion.go:230.27,231.54 1 21
github.com/yassinebenaid/bunny/parser/expansion.go:232.11,233.29 1 419
github.com/yassinebenaid/bunny/parser/expansion.go:233.29,234.15 1 17
github.com/yassinebenaid/bunny/parser/expansion.go:237.4,237.51 1 402
github.com/yassinebenaid/bunny/parser/expansion.go:240.3,240.14 1 468
github.com/yassinebenaid/bunny/parser/expansion.go:243.2,243.29 1 97
github.com/yassinebenaid/bunny/parser/expansion.go:246.45,247.31 1 132
github.com/yassinebenaid/bunny/parser/expansion.go:247.31,249.3 1 3
github.com/yassinebenaid/bunny/parser/expansion.go:251.2,256.39 4 132
github.com/yassinebenaid/bunny/parser/expansion.go:256.39,259.41 3 5
github.com/yassinebenaid/bunny/parser/expansion.go:259.41,261.4 1 2
github.com/yassinebenaid/bunny/parser/expansion.go:262.3,262.14 1 5
github.com/yassinebenaid/bunny/parser/expansion.go:265.2,265.14 1 132
github.com/yassinebenaid/bunny/parser/parameters.go:8.62,11.6 2 967
github.com/yassinebenaid/bunny/parser/parameters.go:11.6,12.66 1 978
github.com/yassinebenaid/bunny/parser/parameters.go:12.66,13.9 1 967
github.com/yassinebenaid/bunny/parser/parameters.go:15.3,21.33 6 11
github.com/yassinebenaid/bunny/parser/parameters.go:21.33,23.4 1 8
github.com/yassinebenaid/bunny/parser/parameters.go:26.2,26.16 1 967
github.com/yassinebenaid/bunny/parser/parser.go:11.32,21.2 6 604
github.com/yassinebenaid/bunny/parser/parser.go:38.39,40.2 1 288
github.com/yassinebenaid/bunny/parser/parser.go:42.49,43.20 1 411
github.com/yassinebenaid/bunny/parser/parser.go:43.20,49.3 1 288
github.com/yassinebenaid/bunny/parser/parser.go:52.28,57.2 4 14658
github.com/yassinebenaid/bunny/parser/parser.go:59.43,62.46 2 604
github.com/yassinebenaid/bunny/parser/parser.go:62.46,63.22 1 1037
github.com/yassinebenaid/bunny/parser/parser.go:64.35,65.12 1 237
github.com/yassinebenaid/bunny/parser/parser.go:66.19,67.65 1 5
github.com/yassinebenaid/bunny/parser/parser.go:67.65,69.5 1 20
github.com/yassinebenaid/bunny/parser/parser.go:70.11,71.55 1 795
github.com/yassinebenaid/bunny/parser/parser.go:71.55,73.5 1 698
github.com/yassinebenaid/bunny/parser/parser.go:73.10,75.5 1 97
github.com/yassinebenaid/bunny/parser/parser.go:76.4,76.75 1 698
github.com/yassinebenaid/bunny/parser/parser.go:76.75,78.5 1 8
github.com/yassinebenaid/bunny/parser/parser.go:82.2,82.15 1 507
github.com/yassinebenaid/bunny/parser/parser.go:85.51,89.17 3 1272
github.com/yassinebenaid/bunny/parser/parser.go:89.17,91.3 1 128
github.com/yassinebenaid/bunny/parser/parser.go:91.8,91.27 1 1144
github.com/yassinebenaid/bunny/parser/parser.go:91.27,93.3 1 1104
github.com/yassinebenaid/bunny/parser/parser.go:93.8,95.3 1 40
github.com/yassinebenaid/bunny/parser/parser.go:97.2,97.58 1 1144
github.com/yassinebenaid/bunny/parser/parser.go:97.58,100.66 3 86
github.com/yassinebenaid/bunny/parser/parser.go:100.66,102.4 1 79
github.com/yassinebenaid/bunny/parser/parser.go:104.3,106.23 3 86
github.com/yassinebenaid/bunny/parser/parser.go:106.23,108.4 1 12
github.com/yassinebenaid/bunny/parser/parser.go:108.9,108.33 1 74
github.com/yassinebenaid/bunny/parser/parser.go:108.33,110.4 1 66
github.com/yassinebenaid/bunny/parser/parser.go:110.9,112.4 1 8
github.com/yassinebenaid/bunny/parser/parser.go:114.3,118.4 1 74
github.com/yassinebenaid/bunny/parser/parser.go:121.2,121.36 1 1132
github.com/yassinebenaid/bunny/parser/parser.go:121.36,123.3 1 31
github.com/yassinebenaid/bunny/parser/parser.go:125.2,125.13 1 1101
github.com/yassinebenaid/bunny/parser/parser.go:128.46,132.16 3 1358
github.com/yassinebenaid/bunny/parser/parser.go:132.16,134.3 1 108
github.com/yassinebenaid/bunny/parser/parser.go:135.2,137.6 2 1250
github.com/yassinebenaid/bunny/parser/parser.go:137.6,138.71 1 1318
github.com/yassinebenaid/bunny/parser/parser.go:138.71,139.9 1 1218
github.com/yassinebenaid/bunny/parser/parser.go:141.3,145.66 4 100
github.com/yassinebenaid/bunny/parser/parser.go:145.66,147.4 1 96
github.com/yassinebenaid/bunny/parser/parser.go:149.3,150.26 2 100
github.com/yassinebenaid/bunny/parser/parser.go:150.26,152.4 1 32
github.com/yassinebenaid/bunny/parser/parser.go:153.3,153.36 1 68
github.com/yassinebenaid/bunny/parser/parser.go:156.2,156.17 1 1218
github.com/yassinebenaid/bunny/parser/parser.go:159.47,160.35 1 1458
github.com/yassinebenaid/bunny/parser/parser.go:160.35,162.3 1 17
github.com/yassinebenaid/bunny/parser/parser.go:164.2,164.56 1 1441
github.com/yassinebenaid/bunny/parser/parser.go:164.56,166.3 1 474
github.com/yassinebenaid/bunny/parser/parser.go:168.2,169.68 2 967
github.com/yassinebenaid/bunny/parser/parser.go:169.68,171.3 1 3
github.com/yassinebenaid/bunny/parser/parser.go:173.2,175.21 3 964
github.com/yassinebenaid/bunny/parser/parser.go:175.21,178.3 2 94
github.com/yassinebenaid/bunny/parser/parser.go:179.2,181.32 2 870
github.com/yassinebenaid/bunny/parser/parser.go:181.32,183.3 1 369
github.com/yassinebenaid/bunny/parser/parser.go:184.2,184.37 1 870
github.com/yassinebenaid/bunny/parser/parser.go:184.37,186.3 1 13
github.com/yassinebenaid/bunny/parser/parser.go:188.1,189.6 1 857
github.com/yassinebenaid/bunny/parser/parser.go:189.6,190.10 1 1393
github.com/yassinebenaid/bunny/parser/parser.go:191.35,192.9 1 9
github.com/yassinebenaid/bunny/parser/parser.go:193.33,194.14 1 250
github.com/yassinebenaid/bunny/parser/parser.go:195.34,196.65 1 5
github.com/yassinebenaid/bunny/parser/parser.go:196.65,198.5 1 15
github.com/yassinebenaid/bunny/parser/parser.go:199.31,200.42 1 159
github.com/yassinebenaid/bunny/parser/parser.go:201.11,202.26 1 970
github.com/yassinebenaid/bunny/parser/parser.go:202.26,203.15 1 607
github.com/yassinebenaid/bunny/parser/parser.go:206.4,206.52 1 363
github.com/yassinebenaid/bunny/parser/parser.go:209.3,209.53 1 536
github.com/yassinebenaid/bunny/parser/parser.go:209.53,211.4 1 417
github.com/yassinebenaid/bunny/parser/parser.go:213.2,213.12 1 857
github.com/yassinebenaid/bunny/parser/parser.go:216.51,220.6 2 2079
github.com/yassinebenaid/bunny/parser/parser.go:220.6,221.22 1 4312
github.com/yassinebenaid/bunny/parser/parser.go:222.31,223.14 1 1402
github.com/yassinebenaid/bunny/parser/parser.go:224.31,225.50 1 41
github.com/yassinebenaid/bunny/parser/parser.go:226.27,227.49 1 54
github.com/yassinebenaid/bunny/parser/parser.go:228.27,229.42 1 98
github.com/yassinebenaid/bunny/parser/parser.go:230.27,231.55 1 19
github.com/yassinebenaid/bunny/parser/parser.go:232.34,233.58 1 102
github.com/yassinebenaid/bunny/parser/parser.go:234.39,235.55 1 37
github.com/yassinebenaid/bunny/parser/parser.go:236.27,237.54 1 110
github.com/yassinebenaid/bunny/parser/parser.go:238.18,239.49 1 64
github.com/yassinebenaid/bunny/parser/parser.go:239.49,240.15 1 14
github.com/yassinebenaid/bunny/parser/parser.go:242.4,242.15 1 50
github.com/yassinebenaid/bunny/parser/parser.go:243.11,244.80 1 2435
github.com/yassinebenaid/bunny/parser/parser.go:244.80,245.15 1 663
github.com/yassinebenaid/bunny/parser/parser.go:248.4,248.51 1 1772
github.com/yassinebenaid/bunny/parser/parser.go:251.3,251.14 1 2233
github.com/yassinebenaid/bunny/parser/parser.go:254.2,254.29 1 2079
github.com/yassinebenaid/bunny/parser/parser.go:257.48,260.39 2 55
github.com/yassinebenaid/bunny/parser/parser.go:260.39,262.3 1 1
github.com/yassinebenaid/bunny/parser/parser.go:264.2,267.39 3 54
github.com/yassinebenaid/bunny/parser/parser.go:267.39,269.3 1 1
github.com/yassinebenaid/bunny/parser/parser.go:271.2,271.23 1 54
github.com/yassinebenaid/bunny/parser/parser.go:274.47,277.39 2 119
github.com/yassinebenaid/bunny/parser/parser.go:277.39,279.3 1 1
github.com/yassinebenaid/bunny/parser/parser.go:281.2,284.6 2 118
github.com/yassinebenaid/bunny/parser/parser.go:284.6,285.22 1 338
github.com/yassinebenaid/bunny/parser/parser.go:286.38,287.14 1 118
github.com/yassinebenaid/bunny/parser/parser.go:288.27,289.56 1 2
github.com/yassinebenaid/bunny/parser/parser.go:290.31,291.50 1 10
github.com/yassinebenaid/bunny/parser/parser.go:292.27,293.54 1 0
github.com/yassinebenaid/bunny/parser/parser.go:294.27,295.55 1 0
github.com/yassinebenaid/bunny/parser/parser.go:296.34,297.58 1 0
github.com/yassinebenaid/bunny/parser/parser.go:298.11,299.51 1 208
github.com/yassinebenaid/bunny/parser/parser.go:302.3,302.14 1 220
github.com/yassinebenaid/bunny/parser/parser.go:305.2,305.39 1 118
github.com/yassinebenaid/bunny/parser/parser.go:305.39,307.3 1 1
github.com/yassinebenaid/bunny/parser/parser.go:309.2,309.28 1 118
github.com/yassinebenaid/bunny/parser/parser.go:312.48,314.32 2 17
github.com/yassinebenaid/bunny/parser/parser.go:314.32,316.3 1 16
github.com/yassinebenaid/bunny/parser/parser.go:318.2,319.21 2 17
github.com/yassinebenaid/bunny/parser/parser.go:319.21,321.3 1 1
github.com/yassinebenaid/bunny/parser/parser.go:323.2,324.9 2 17
github.com/yassinebenaid/bunny/parser/parser.go:324.9,326.3 1 2
github.com/yassinebenaid/bunny/parser/parser.go:327.2,327.32 1 17
github.com/yassinebenaid/bunny/parser/parser.go:327.32,329.3 1 13
github.com/yassinebenaid/bunny/parser/parser.go:331.2,331.37 1 17
github.com/yassinebenaid/bunny/parser/parser.go:331.37,333.33 2 13
github.com/yassinebenaid/bunny/parser/parser.go:333.33,335.4 1 1
github.com/yassinebenaid/bunny/parser/parser.go:336.3,336.39 1 13
github.com/yassinebenaid/bunny/parser/parser.go:336.39,338.4 1 1
github.com/yassinebenaid/bunny/parser/parser.go:339.3,339.14 1 13
github.com/yassinebenaid/bunny/parser/parser.go:342.2,342.65 1 17
github.com/yassinebenaid/bunny/parser/parser.go:342.65,344.3 1 9
github.com/yassinebenaid/bunny/parser/parser.go:346.2,347.21 2 17
github.com/yassinebenaid/bunny/parser/parser.go:347.21,350.3 2 6
github.com/yassinebenaid/bunny/parser/parser.go:352.2,352.62 1 11
github.com/yassinebenaid/bunny/parser/parser.go:355.76,357.9 2 13
github.com/yassinebenaid/bunny/parser/parser.go:357.9,359.3 1 1
github.com/yassinebenaid/bunny/parser/parser.go:361.2,362.32 2 13
github.com/yassinebenaid/bunny/parser/parser.go:362.32,364.3 1 1
github.com/yassinebenaid/bunny/parser/parser.go:365.2,365.38 1 13
github.com/yassinebenaid/bunny/parser/parser.go:365.38,367.3 1 1
github.com/yassinebenaid/bunny/parser/parser.go:368.2,369.65 2 13
github.com/yassinebenaid/bunny/parser/parser.go:369.65,371.3 1 8
github.com/yassinebenaid/bunny/parser/parser.go:373.2,374.21 2 13
github.com/yassinebenaid/bunny/parser/parser.go:374.21,377.3 2 3
github.com/yassinebenaid/bunny/parser/parser.go:379.2,379.62 1 10
github.com/yassinebenaid/bunny/parser/parser.go:382.61,387.25 4 2295
github.com/yassinebenaid/bunny/parser/parser.go:387.25,389.35 1 2941
github.com/yassinebenaid/bunny/parser/parser.go:389.35,392.4 2 2570
github.com/yassinebenaid/bunny/parser/parser.go:392.9,393.16 1 371
github.com/yassinebenaid/bunny/parser/parser.go:393.16,396.5 2 26
github.com/yassinebenaid/bunny/parser/parser.go:397.4,397.29 1 371
github.com/yassinebenaid/bunny/parser/parser.go:400.3,400.32 1 2941
github.com/yassinebenaid/bunny/parser/parser.go:400.32,402.4 1 1793
github.com/yassinebenaid/bunny/parser/parser.go:405.2,405.20 1 2295
github.com/yassinebenaid/bunny/parser/parser.go:405.20,407.3 1 159
github.com/yassinebenaid/bunny/parser/parser.go:409.2,409.12 1 2136
github.com/yassinebenaid/bunny/parser/parser.go:409.12,410.21 1 118
github.com/yassinebenaid/bunny/parser/parser.go:410.21,411.39 1 117
github.com/yassinebenaid/bunny/parser/parser.go:411.39,413.5 1 110
github.com/yassinebenaid/bunny/parser/parser.go:415.3,415.32 1 8
github.com/yassinebenaid/bunny/parser/parser.go:418.2,418.20 1 2018
github.com/yassinebenaid/bunny/parser/parser.go:418.20,420.3 1 1993
github.com/yassinebenaid/bunny/parser/parser.go:422.2,422.13 1 25
github.com/yassinebenaid/bunny/parser/parser.go:425.40,435.2 1 4184
github.com/yassinebenaid/bunny/parser/redirection.go:8.44,9.21 1 4469
github.com/yassinebenaid/bunny/parser/redirection.go:11.91,12.14 1 267
github.com/yassinebenaid/bunny/parser/redirection.go:13.17,15.22 1 149
github.com/yassinebenaid/bunny/parser/redirection.go:16.116,17.15 1 90
github.com/yassinebenaid/bunny/parser/redirection.go:21.2,21.14 1 4112
github.com/yassinebenaid/bunny/parser/redirection.go:24.59,25.21 1 273
github.com/yassinebenaid/bunny/parser/redirection.go:26.68,27.19 1 92
github.com/yassinebenaid/bunny/parser/redirection.go:28.53,29.16 1 85
github.com/yassinebenaid/bunny/parser/redirection.go:30.53,31.25 1 28
github.com/yassinebenaid/bunny/parser/redirection.go:32.17,33.27 1 68
github.com/yassinebenaid/bunny/parser/redirection.go:37.52,43.32 5 92
github.com/yassinebenaid/bunny/parser/redirection.go:43.32,45.3 1 9
github.com/yassinebenaid/bunny/parser/redirection.go:47.2,49.18 2 92
github.com/yassinebenaid/bunny/parser/redirection.go:49.18,51.3 1 8
github.com/yassinebenaid/bunny/parser/redirection.go:52.2,52.22 1 92
github.com/yassinebenaid/bunny/parser/redirection.go:55.60,63.32 6 68
github.com/yassinebenaid/bunny/parser/redirection.go:63.32,65.3 1 6
github.com/yassinebenaid/bunny/parser/redirection.go:67.2,68.18 2 68
github.com/yassinebenaid/bunny/parser/redirection.go:68.18,70.3 1 14
github.com/yassinebenaid/bunny/parser/redirection.go:72.2,72.22 1 68
github.com/yassinebenaid/bunny/parser/redirection.go:75.58,80.32 4 28
github.com/yassinebenaid/bunny/parser/redirection.go:80.32,82.3 1 2
github.com/yassinebenaid/bunny/parser/redirection.go:84.2,85.18 2 28
github.com/yassinebenaid/bunny/parser/redirection.go:85.18,87.3 1 2
github.com/yassinebenaid/bunny/parser/redirection.go:88.2,88.22 1 28
github.com/yassinebenaid/bunny/parser/redirection.go:91.49,97.32 5 85
github.com/yassinebenaid/bunny/parser/redirection.go:97.32,99.3 1 4
github.com/yassinebenaid/bunny/parser/redirection.go:101.2,102.18 2 85
github.com/yassinebenaid/bunny/parser/redirection.go:102.18,104.3 1 5
github.com/yassinebenaid/bunny/parser/redirection.go:106.2,106.22 1 85
